2024-03-28 15:26:56.279 | WARNING  | qlib.tests.data:qlib_data:175 - Data already exists: ~/.qlib/qlib_data/cn_data, the data download will be skipped
	If downloading is required: `exists_skip=False` or `change target_dir`
[3071557:MainThread](2024-03-28 15:26:56,280) INFO - qlib.Initialization - [config.py:416] - default_conf: client.
[3071557:MainThread](2024-03-28 15:26:56,283) INFO - qlib.Initialization - [__init__.py:74] - qlib successfully initialized based on client settings.
[3071557:MainThread](2024-03-28 15:26:56,283) INFO - qlib.Initialization - [__init__.py:76] - data_path={'__DEFAULT_FREQ': PosixPath('/home/zhonghao/.qlib/qlib_data/cn_data')}
[3071557:MainThread](2024-03-28 15:26:56,285) WARNING - qlib.Rolling - [rolling_benchmark.py:30] - Model type is not in the benchmark!
[3071557:MainThread](2024-03-28 15:26:56,295) INFO - qlib.Rolling - [base.py:162] - The prediction horizon is overrided
[3071557:MainThread](2024-03-28 15:26:56,296) INFO - qlib.Rolling - [base.py:173] - {'model': {'class': 'DEnsembleModel', 'module_path': 'qlib.contrib.model.double_ensemble', 'kwargs': {'base_model': 'gbm', 'loss': 'mse', 'num_models': 3, 'enable_sr': False, 'enable_fs': True, 'alpha1': 1, 'alpha2': 1, 'bins_sr': 10, 'bins_fs': 5, 'decay': 0.5, 'sample_ratios': [0.8, 0.7, 0.6, 0.5, 0.4], 'sub_weights': [1, 1, 1], 'epochs': 28, 'colsample_bytree': 0.8879, 'learning_rate': 0.2, 'subsample': 0.8789, 'lambda_l1': 205.6999, 'lambda_l2': 580.9768, 'max_depth': 8, 'num_leaves': 210, 'num_threads': 20, 'verbosity': -1}}, 'dataset': {'class': 'DatasetH', 'module_path': 'qlib.data.dataset', 'kwargs': {'handler': 'file:///home/zhonghao/code/qlib/exp_yaml/Alpha158.9a5cdb3f2b.pkl', 'segments': {'train': [datetime.date(2008, 1, 1), datetime.date(2014, 12, 31)], 'valid': [datetime.date(2015, 1, 1), datetime.date(2016, 12, 31)], 'test': [datetime.date(2017, 1, 1), datetime.date(2020, 8, 1)]}}}, 'record': [{'class': 'SignalRecord', 'module_path': 'qlib.workflow.record_temp', 'kwargs': {'model': '<MODEL>', 'dataset': '<DATASET>'}}, {'class': 'SigAnaRecord', 'module_path': 'qlib.workflow.record_temp', 'kwargs': {'ana_long_short': False, 'ann_scaler': 252}}, {'class': 'PortAnaRecord', 'module_path': 'qlib.workflow.record_temp', 'kwargs': {'config': {'strategy': {'class': 'TopkDropoutStrategy', 'module_path': 'qlib.contrib.strategy', 'kwargs': {'signal': '<PRED>', 'topk': 50, 'n_drop': 5}}, 'backtest': {'start_time': datetime.date(2017, 1, 1), 'end_time': datetime.date(2020, 8, 1), 'account': 100000000, 'benchmark': 'SH000300', 'exchange_kwargs': {'limit_threshold': 0.095, 'deal_price': 'close', 'open_cost': 0.0005, 'close_cost': 0.0015, 'min_cost': 5}}}}}]}
[3071557:MainThread](2024-03-28 15:26:56,297) WARNING - qlib.data - [data.py:666] - load calendar error: freq=day, future=True; return current calendar!
[3071557:MainThread](2024-03-28 15:26:56,298) WARNING - qlib.data - [data.py:669] - You can get future calendar by referring to the following document: https://github.com/microsoft/qlib/blob/main/scripts/data_collector/contrib/README.md
[3071557:MainThread](2024-03-28 15:26:56,388) INFO - qlib.Rolling - [base.py:190] - Deleting previous Rolling results
[3071557:MainThread](2024-03-28 15:26:56,391) INFO - qlib.Rolling - [base.py:196] - No previous rolling results
train tasks:   0%|          | 0/44 [00:00<?, ?it/s][3071557:MainThread](2024-03-28 15:26:56,394) WARNING - qlib.workflow - [expm.py:230] - No valid experiment found. Create a new experiment with name rolling_models_20240328152656.
[3071557:MainThread](2024-03-28 15:26:56,400) INFO - qlib.workflow - [exp.py:258] - Experiment 8 starts running ...
[3071557:MainThread](2024-03-28 15:26:56,496) INFO - qlib.workflow - [recorder.py:341] - Recorder b4cd5c3b006d42a8a25062df26a17903 starts running under Experiment 8 ...
[3071557:MainThread](2024-03-28 15:26:57,562) INFO - qlib.DEnsembleModel - [double_ensemble.py:57] - Double Ensemble Model...
[3071557:MainThread](2024-03-28 15:26:58,289) WARNING - qlib.utils - [__init__.py:789] - The parameter `reweighter` with value `None` is ignored.
[3071557:MainThread](2024-03-28 15:26:59,933) INFO - qlib.DEnsembleModel - [double_ensemble.py:81] - Training sub-model: (1/3)
[3071557:MainThread](2024-03-28 15:27:04,046) INFO - qlib.DEnsembleModel - [double_ensemble.py:88] - Retrieving loss curve and loss values...
[3071557:MainThread](2024-03-28 15:27:13,735) INFO - qlib.DEnsembleModel - [double_ensemble.py:102] - Feature selection...
[3071557:MainThread](2024-03-28 15:28:46,877) INFO - qlib.DEnsembleModel - [double_ensemble.py:81] - Training sub-model: (2/3)
[3071557:MainThread](2024-03-28 15:28:48,779) INFO - qlib.DEnsembleModel - [double_ensemble.py:88] - Retrieving loss curve and loss values...
[3071557:MainThread](2024-03-28 15:28:54,733) INFO - qlib.DEnsembleModel - [double_ensemble.py:102] - Feature selection...
[3071557:MainThread](2024-03-28 15:31:06,244) INFO - qlib.DEnsembleModel - [double_ensemble.py:81] - Training sub-model: (3/3)
[3071557:MainThread](2024-03-28 15:31:09,145) INFO - qlib.workflow - [record_temp.py:198] - Signal record 'pred.pkl' has been saved as the artifact of the Experiment 8
[3071557:MainThread](2024-03-28 15:31:09,208) INFO - qlib.timer - [log.py:127] - Time cost: 0.000s | waiting `async_log` Done
train tasks:   2%|▏         | 1/44 [04:12<3:01:11, 252.82s/it][3071557:MainThread](2024-03-28 15:31:09,214) INFO - qlib.workflow - [exp.py:258] - Experiment 8 starts running ...
[3071557:MainThread](2024-03-28 15:31:09,224) INFO - qlib.workflow - [recorder.py:341] - Recorder a589ae3afd6e424484e739d37fb0576e starts running under Experiment 8 ...
[3071557:MainThread](2024-03-28 15:31:09,480) INFO - qlib.DEnsembleModel - [double_ensemble.py:57] - Double Ensemble Model...
[3071557:MainThread](2024-03-28 15:31:10,228) WARNING - qlib.utils - [__init__.py:789] - The parameter `reweighter` with value `None` is ignored.
[3071557:MainThread](2024-03-28 15:31:11,881) INFO - qlib.DEnsembleModel - [double_ensemble.py:81] - Training sub-model: (1/3)
[3071557:MainThread](2024-03-28 15:31:15,786) INFO - qlib.DEnsembleModel - [double_ensemble.py:88] - Retrieving loss curve and loss values...
[3071557:MainThread](2024-03-28 15:31:27,390) INFO - qlib.DEnsembleModel - [double_ensemble.py:102] - Feature selection...
[3071557:MainThread](2024-03-28 15:32:56,663) INFO - qlib.DEnsembleModel - [double_ensemble.py:81] - Training sub-model: (2/3)
[3071557:MainThread](2024-03-28 15:32:58,761) INFO - qlib.DEnsembleModel - [double_ensemble.py:88] - Retrieving loss curve and loss values...
[3071557:MainThread](2024-03-28 15:33:03,660) INFO - qlib.DEnsembleModel - [double_ensemble.py:102] - Feature selection...
[3071557:MainThread](2024-03-28 15:35:12,882) INFO - qlib.DEnsembleModel - [double_ensemble.py:81] - Training sub-model: (3/3)
[3071557:MainThread](2024-03-28 15:35:15,787) INFO - qlib.workflow - [record_temp.py:198] - Signal record 'pred.pkl' has been saved as the artifact of the Experiment 8
[3071557:MainThread](2024-03-28 15:35:15,842) INFO - qlib.timer - [log.py:127] - Time cost: 0.000s | waiting `async_log` Done
train tasks:   5%|▍         | 2/44 [08:19<2:54:25, 249.18s/it][3071557:MainThread](2024-03-28 15:35:15,848) INFO - qlib.workflow - [exp.py:258] - Experiment 8 starts running ...
[3071557:MainThread](2024-03-28 15:35:15,858) INFO - qlib.workflow - [recorder.py:341] - Recorder 500cd9a7cc6f4009a5478e8dd96ed288 starts running under Experiment 8 ...
[3071557:MainThread](2024-03-28 15:35:16,118) INFO - qlib.DEnsembleModel - [double_ensemble.py:57] - Double Ensemble Model...
[3071557:MainThread](2024-03-28 15:35:16,846) WARNING - qlib.utils - [__init__.py:789] - The parameter `reweighter` with value `None` is ignored.
[3071557:MainThread](2024-03-28 15:35:18,583) INFO - qlib.DEnsembleModel - [double_ensemble.py:81] - Training sub-model: (1/3)
[3071557:MainThread](2024-03-28 15:35:22,442) INFO - qlib.DEnsembleModel - [double_ensemble.py:88] - Retrieving loss curve and loss values...
[3071557:MainThread](2024-03-28 15:35:30,799) INFO - qlib.DEnsembleModel - [double_ensemble.py:102] - Feature selection...
[3071557:MainThread](2024-03-28 15:36:59,061) INFO - qlib.DEnsembleModel - [double_ensemble.py:81] - Training sub-model: (2/3)
[3071557:MainThread](2024-03-28 15:37:02,400) INFO - qlib.DEnsembleModel - [double_ensemble.py:88] - Retrieving loss curve and loss values...
[3071557:MainThread](2024-03-28 15:37:07,446) INFO - qlib.DEnsembleModel - [double_ensemble.py:102] - Feature selection...
[3071557:MainThread](2024-03-28 15:40:21,796) INFO - qlib.DEnsembleModel - [double_ensemble.py:81] - Training sub-model: (3/3)
[3071557:MainThread](2024-03-28 15:40:27,081) INFO - qlib.workflow - [record_temp.py:198] - Signal record 'pred.pkl' has been saved as the artifact of the Experiment 8
[3071557:MainThread](2024-03-28 15:40:27,159) INFO - qlib.timer - [log.py:127] - Time cost: 0.004s | waiting `async_log` Done
train tasks:   7%|▋         | 3/44 [13:30<3:09:39, 277.55s/it][3071557:MainThread](2024-03-28 15:40:27,178) INFO - qlib.workflow - [exp.py:258] - Experiment 8 starts running ...
[3071557:MainThread](2024-03-28 15:40:27,205) INFO - qlib.workflow - [recorder.py:341] - Recorder 666513ac3ed046cf8d40847d02aa37d1 starts running under Experiment 8 ...
[3071557:MainThread](2024-03-28 15:40:27,624) INFO - qlib.DEnsembleModel - [double_ensemble.py:57] - Double Ensemble Model...
[3071557:MainThread](2024-03-28 15:40:28,541) WARNING - qlib.utils - [__init__.py:789] - The parameter `reweighter` with value `None` is ignored.
[3071557:MainThread](2024-03-28 15:40:30,688) INFO - qlib.DEnsembleModel - [double_ensemble.py:81] - Training sub-model: (1/3)
[3071557:MainThread](2024-03-28 15:40:37,610) INFO - qlib.DEnsembleModel - [double_ensemble.py:88] - Retrieving loss curve and loss values...
[3071557:MainThread](2024-03-28 15:40:49,622) INFO - qlib.DEnsembleModel - [double_ensemble.py:102] - Feature selection...
[3071557:MainThread](2024-03-28 15:42:46,427) INFO - qlib.DEnsembleModel - [double_ensemble.py:81] - Training sub-model: (2/3)
[3071557:MainThread](2024-03-28 15:42:50,812) INFO - qlib.DEnsembleModel - [double_ensemble.py:88] - Retrieving loss curve and loss values...
[3071557:MainThread](2024-03-28 15:42:58,764) INFO - qlib.DEnsembleModel - [double_ensemble.py:102] - Feature selection...
[3071557:MainThread](2024-03-28 15:45:52,833) INFO - qlib.DEnsembleModel - [double_ensemble.py:81] - Training sub-model: (3/3)
[3071557:MainThread](2024-03-28 15:45:56,037) INFO - qlib.workflow - [record_temp.py:198] - Signal record 'pred.pkl' has been saved as the artifact of the Experiment 8
[3071557:MainThread](2024-03-28 15:45:56,101) INFO - qlib.timer - [log.py:127] - Time cost: 0.000s | waiting `async_log` Done
train tasks:   9%|▉         | 4/44 [18:59<3:18:33, 297.84s/it][3071557:MainThread](2024-03-28 15:45:56,111) INFO - qlib.workflow - [exp.py:258] - Experiment 8 starts running ...
[3071557:MainThread](2024-03-28 15:45:56,125) INFO - qlib.workflow - [recorder.py:341] - Recorder e567c5f8242147c888540ed14bf56d18 starts running under Experiment 8 ...
[3071557:MainThread](2024-03-28 15:45:56,499) INFO - qlib.DEnsembleModel - [double_ensemble.py:57] - Double Ensemble Model...
[3071557:MainThread](2024-03-28 15:45:57,234) WARNING - qlib.utils - [__init__.py:789] - The parameter `reweighter` with value `None` is ignored.
[3071557:MainThread](2024-03-28 15:45:58,954) INFO - qlib.DEnsembleModel - [double_ensemble.py:81] - Training sub-model: (1/3)
[3071557:MainThread](2024-03-28 15:46:03,695) INFO - qlib.DEnsembleModel - [double_ensemble.py:88] - Retrieving loss curve and loss values...
[3071557:MainThread](2024-03-28 15:46:14,819) INFO - qlib.DEnsembleModel - [double_ensemble.py:102] - Feature selection...
[3071557:MainThread](2024-03-28 15:47:45,621) INFO - qlib.DEnsembleModel - [double_ensemble.py:81] - Training sub-model: (2/3)
[3071557:MainThread](2024-03-28 15:47:47,518) INFO - qlib.DEnsembleModel - [double_ensemble.py:88] - Retrieving loss curve and loss values...
[3071557:MainThread](2024-03-28 15:47:52,276) INFO - qlib.DEnsembleModel - [double_ensemble.py:102] - Feature selection...
[3071557:MainThread](2024-03-28 15:50:00,723) INFO - qlib.DEnsembleModel - [double_ensemble.py:81] - Training sub-model: (3/3)
[3071557:MainThread](2024-03-28 15:50:03,701) INFO - qlib.workflow - [record_temp.py:198] - Signal record 'pred.pkl' has been saved as the artifact of the Experiment 8
[3071557:MainThread](2024-03-28 15:50:03,747) INFO - qlib.timer - [log.py:127] - Time cost: 0.000s | waiting `async_log` Done
train tasks:  11%|█▏        | 5/44 [23:07<3:01:49, 279.74s/it][3071557:MainThread](2024-03-28 15:50:03,753) INFO - qlib.workflow - [exp.py:258] - Experiment 8 starts running ...
[3071557:MainThread](2024-03-28 15:50:03,763) INFO - qlib.workflow - [recorder.py:341] - Recorder 4c3d2b0c91cc4ed7a5253a0470afb2f8 starts running under Experiment 8 ...
[3071557:MainThread](2024-03-28 15:50:04,092) INFO - qlib.DEnsembleModel - [double_ensemble.py:57] - Double Ensemble Model...
[3071557:MainThread](2024-03-28 15:50:04,809) WARNING - qlib.utils - [__init__.py:789] - The parameter `reweighter` with value `None` is ignored.
[3071557:MainThread](2024-03-28 15:50:06,543) INFO - qlib.DEnsembleModel - [double_ensemble.py:81] - Training sub-model: (1/3)
[3071557:MainThread](2024-03-28 15:50:11,207) INFO - qlib.DEnsembleModel - [double_ensemble.py:88] - Retrieving loss curve and loss values...
[3071557:MainThread](2024-03-28 15:50:24,476) INFO - qlib.DEnsembleModel - [double_ensemble.py:102] - Feature selection...
[3071557:MainThread](2024-03-28 15:52:29,632) INFO - qlib.DEnsembleModel - [double_ensemble.py:81] - Training sub-model: (2/3)
[3071557:MainThread](2024-03-28 15:52:33,948) INFO - qlib.DEnsembleModel - [double_ensemble.py:88] - Retrieving loss curve and loss values...
[3071557:MainThread](2024-03-28 15:52:42,753) INFO - qlib.DEnsembleModel - [double_ensemble.py:102] - Feature selection...
[3071557:MainThread](2024-03-28 15:55:57,971) INFO - qlib.DEnsembleModel - [double_ensemble.py:81] - Training sub-model: (3/3)
[3071557:MainThread](2024-03-28 15:56:03,045) INFO - qlib.workflow - [record_temp.py:198] - Signal record 'pred.pkl' has been saved as the artifact of the Experiment 8
[3071557:MainThread](2024-03-28 15:56:03,126) INFO - qlib.timer - [log.py:127] - Time cost: 0.000s | waiting `async_log` Done
train tasks:  14%|█▎        | 6/44 [29:06<3:14:19, 306.82s/it][3071557:MainThread](2024-03-28 15:56:03,136) INFO - qlib.workflow - [exp.py:258] - Experiment 8 starts running ...
[3071557:MainThread](2024-03-28 15:56:03,155) INFO - qlib.workflow - [recorder.py:341] - Recorder f5e060141fc940ea9097907bca9f6a72 starts running under Experiment 8 ...
[3071557:MainThread](2024-03-28 15:56:03,509) INFO - qlib.DEnsembleModel - [double_ensemble.py:57] - Double Ensemble Model...
[3071557:MainThread](2024-03-28 15:56:04,389) WARNING - qlib.utils - [__init__.py:789] - The parameter `reweighter` with value `None` is ignored.
[3071557:MainThread](2024-03-28 15:56:06,261) INFO - qlib.DEnsembleModel - [double_ensemble.py:81] - Training sub-model: (1/3)
[3071557:MainThread](2024-03-28 15:56:13,195) INFO - qlib.DEnsembleModel - [double_ensemble.py:88] - Retrieving loss curve and loss values...
[3071557:MainThread](2024-03-28 15:56:27,803) INFO - qlib.DEnsembleModel - [double_ensemble.py:102] - Feature selection...
[3071557:MainThread](2024-03-28 15:58:24,004) INFO - qlib.DEnsembleModel - [double_ensemble.py:81] - Training sub-model: (2/3)
[3071557:MainThread](2024-03-28 15:58:26,288) INFO - qlib.DEnsembleModel - [double_ensemble.py:88] - Retrieving loss curve and loss values...
[3071557:MainThread](2024-03-28 15:58:31,717) INFO - qlib.DEnsembleModel - [double_ensemble.py:102] - Feature selection...
[3071557:MainThread](2024-03-28 16:00:59,260) INFO - qlib.DEnsembleModel - [double_ensemble.py:81] - Training sub-model: (3/3)
[3071557:MainThread](2024-03-28 16:01:02,589) INFO - qlib.workflow - [record_temp.py:198] - Signal record 'pred.pkl' has been saved as the artifact of the Experiment 8
[3071557:MainThread](2024-03-28 16:01:02,677) INFO - qlib.timer - [log.py:127] - Time cost: 0.000s | waiting `async_log` Done
train tasks:  16%|█▌        | 7/44 [34:06<3:07:44, 304.44s/it][3071557:MainThread](2024-03-28 16:01:02,687) INFO - qlib.workflow - [exp.py:258] - Experiment 8 starts running ...
[3071557:MainThread](2024-03-28 16:01:02,701) INFO - qlib.workflow - [recorder.py:341] - Recorder 99b48ba2448d4ecca80e12f4b58b43c4 starts running under Experiment 8 ...
[3071557:MainThread](2024-03-28 16:01:03,097) INFO - qlib.DEnsembleModel - [double_ensemble.py:57] - Double Ensemble Model...
[3071557:MainThread](2024-03-28 16:01:03,854) WARNING - qlib.utils - [__init__.py:789] - The parameter `reweighter` with value `None` is ignored.
[3071557:MainThread](2024-03-28 16:01:05,662) INFO - qlib.DEnsembleModel - [double_ensemble.py:81] - Training sub-model: (1/3)
[3071557:MainThread](2024-03-28 16:01:10,308) INFO - qlib.DEnsembleModel - [double_ensemble.py:88] - Retrieving loss curve and loss values...
[3071557:MainThread](2024-03-28 16:01:18,568) INFO - qlib.DEnsembleModel - [double_ensemble.py:102] - Feature selection...
[3071557:MainThread](2024-03-28 16:02:41,341) INFO - qlib.DEnsembleModel - [double_ensemble.py:81] - Training sub-model: (2/3)
[3071557:MainThread](2024-03-28 16:02:43,666) INFO - qlib.DEnsembleModel - [double_ensemble.py:88] - Retrieving loss curve and loss values...
[3071557:MainThread](2024-03-28 16:02:47,913) INFO - qlib.DEnsembleModel - [double_ensemble.py:102] - Feature selection...
[3071557:MainThread](2024-03-28 16:04:50,782) INFO - qlib.DEnsembleModel - [double_ensemble.py:81] - Training sub-model: (3/3)
[3071557:MainThread](2024-03-28 16:04:54,018) INFO - qlib.workflow - [record_temp.py:198] - Signal record 'pred.pkl' has been saved as the artifact of the Experiment 8
[3071557:MainThread](2024-03-28 16:04:54,080) INFO - qlib.timer - [log.py:127] - Time cost: 0.000s | waiting `async_log` Done
train tasks:  18%|█▊        | 8/44 [37:57<2:48:42, 281.19s/it][3071557:MainThread](2024-03-28 16:04:54,091) INFO - qlib.workflow - [exp.py:258] - Experiment 8 starts running ...
[3071557:MainThread](2024-03-28 16:04:54,106) INFO - qlib.workflow - [recorder.py:341] - Recorder 05c3f71df2c94b80b77661af90452748 starts running under Experiment 8 ...
[3071557:MainThread](2024-03-28 16:04:54,509) INFO - qlib.DEnsembleModel - [double_ensemble.py:57] - Double Ensemble Model...
[3071557:MainThread](2024-03-28 16:04:55,149) WARNING - qlib.utils - [__init__.py:789] - The parameter `reweighter` with value `None` is ignored.
[3071557:MainThread](2024-03-28 16:04:56,846) INFO - qlib.DEnsembleModel - [double_ensemble.py:81] - Training sub-model: (1/3)
[3071557:MainThread](2024-03-28 16:05:01,764) INFO - qlib.DEnsembleModel - [double_ensemble.py:88] - Retrieving loss curve and loss values...
[3071557:MainThread](2024-03-28 16:05:13,296) INFO - qlib.DEnsembleModel - [double_ensemble.py:102] - Feature selection...
[3071557:MainThread](2024-03-28 16:06:59,638) INFO - qlib.DEnsembleModel - [double_ensemble.py:81] - Training sub-model: (2/3)
[3071557:MainThread](2024-03-28 16:07:02,330) INFO - qlib.DEnsembleModel - [double_ensemble.py:88] - Retrieving loss curve and loss values...
[3071557:MainThread](2024-03-28 16:07:09,453) INFO - qlib.DEnsembleModel - [double_ensemble.py:102] - Feature selection...
[3071557:MainThread](2024-03-28 16:09:37,844) INFO - qlib.DEnsembleModel - [double_ensemble.py:81] - Training sub-model: (3/3)
[3071557:MainThread](2024-03-28 16:09:41,336) INFO - qlib.workflow - [record_temp.py:198] - Signal record 'pred.pkl' has been saved as the artifact of the Experiment 8
[3071557:MainThread](2024-03-28 16:09:41,405) INFO - qlib.timer - [log.py:127] - Time cost: 0.000s | waiting `async_log` Done
train tasks:  20%|██        | 9/44 [42:45<2:45:08, 283.11s/it][3071557:MainThread](2024-03-28 16:09:41,414) INFO - qlib.workflow - [exp.py:258] - Experiment 8 starts running ...
[3071557:MainThread](2024-03-28 16:09:41,428) INFO - qlib.workflow - [recorder.py:341] - Recorder 07d5e4d4e98b4c558794105183227d4f starts running under Experiment 8 ...
[3071557:MainThread](2024-03-28 16:09:41,884) INFO - qlib.DEnsembleModel - [double_ensemble.py:57] - Double Ensemble Model...
[3071557:MainThread](2024-03-28 16:09:42,666) WARNING - qlib.utils - [__init__.py:789] - The parameter `reweighter` with value `None` is ignored.
[3071557:MainThread](2024-03-28 16:09:44,628) INFO - qlib.DEnsembleModel - [double_ensemble.py:81] - Training sub-model: (1/3)
[3071557:MainThread](2024-03-28 16:09:49,658) INFO - qlib.DEnsembleModel - [double_ensemble.py:88] - Retrieving loss curve and loss values...
[3071557:MainThread](2024-03-28 16:09:57,834) INFO - qlib.DEnsembleModel - [double_ensemble.py:102] - Feature selection...
[3071557:MainThread](2024-03-28 16:11:49,903) INFO - qlib.DEnsembleModel - [double_ensemble.py:81] - Training sub-model: (2/3)
[3071557:MainThread](2024-03-28 16:11:53,650) INFO - qlib.DEnsembleModel - [double_ensemble.py:88] - Retrieving loss curve and loss values...
[3071557:MainThread](2024-03-28 16:11:57,865) INFO - qlib.DEnsembleModel - [double_ensemble.py:102] - Feature selection...
[3071557:MainThread](2024-03-28 16:14:46,925) INFO - qlib.DEnsembleModel - [double_ensemble.py:81] - Training sub-model: (3/3)
[3071557:MainThread](2024-03-28 16:14:51,409) INFO - qlib.workflow - [record_temp.py:198] - Signal record 'pred.pkl' has been saved as the artifact of the Experiment 8
[3071557:MainThread](2024-03-28 16:14:51,489) INFO - qlib.timer - [log.py:127] - Time cost: 0.000s | waiting `async_log` Done
train tasks:  23%|██▎       | 10/44 [47:55<2:45:08, 291.44s/it][3071557:MainThread](2024-03-28 16:14:51,498) INFO - qlib.workflow - [exp.py:258] - Experiment 8 starts running ...
[3071557:MainThread](2024-03-28 16:14:51,512) INFO - qlib.workflow - [recorder.py:341] - Recorder 5acc31471e3949c6ba4258262cbb964a starts running under Experiment 8 ...
[3071557:MainThread](2024-03-28 16:14:51,941) INFO - qlib.DEnsembleModel - [double_ensemble.py:57] - Double Ensemble Model...
[3071557:MainThread](2024-03-28 16:14:52,713) WARNING - qlib.utils - [__init__.py:789] - The parameter `reweighter` with value `None` is ignored.
[3071557:MainThread](2024-03-28 16:14:54,523) INFO - qlib.DEnsembleModel - [double_ensemble.py:81] - Training sub-model: (1/3)
[3071557:MainThread](2024-03-28 16:15:01,911) INFO - qlib.DEnsembleModel - [double_ensemble.py:88] - Retrieving loss curve and loss values...
[3071557:MainThread](2024-03-28 16:15:12,283) INFO - qlib.DEnsembleModel - [double_ensemble.py:102] - Feature selection...
[3071557:MainThread](2024-03-28 16:17:07,915) INFO - qlib.DEnsembleModel - [double_ensemble.py:81] - Training sub-model: (2/3)
[3071557:MainThread](2024-03-28 16:17:12,808) INFO - qlib.DEnsembleModel - [double_ensemble.py:88] - Retrieving loss curve and loss values...
[3071557:MainThread](2024-03-28 16:17:17,780) INFO - qlib.DEnsembleModel - [double_ensemble.py:102] - Feature selection...
[3071557:MainThread](2024-03-28 16:20:01,132) INFO - qlib.DEnsembleModel - [double_ensemble.py:81] - Training sub-model: (3/3)
[3071557:MainThread](2024-03-28 16:20:06,277) INFO - qlib.workflow - [record_temp.py:198] - Signal record 'pred.pkl' has been saved as the artifact of the Experiment 8
[3071557:MainThread](2024-03-28 16:20:06,351) INFO - qlib.timer - [log.py:127] - Time cost: 0.000s | waiting `async_log` Done
train tasks:  25%|██▌       | 11/44 [53:09<2:44:13, 298.61s/it][3071557:MainThread](2024-03-28 16:20:06,360) INFO - qlib.workflow - [exp.py:258] - Experiment 8 starts running ...
[3071557:MainThread](2024-03-28 16:20:06,373) INFO - qlib.workflow - [recorder.py:341] - Recorder 87123e96561e4e9888e4a7563c8cbe26 starts running under Experiment 8 ...
[3071557:MainThread](2024-03-28 16:20:06,743) INFO - qlib.DEnsembleModel - [double_ensemble.py:57] - Double Ensemble Model...
[3071557:MainThread](2024-03-28 16:20:07,425) WARNING - qlib.utils - [__init__.py:789] - The parameter `reweighter` with value `None` is ignored.
[3071557:MainThread](2024-03-28 16:20:09,154) INFO - qlib.DEnsembleModel - [double_ensemble.py:81] - Training sub-model: (1/3)
[3071557:MainThread](2024-03-28 16:20:17,569) INFO - qlib.DEnsembleModel - [double_ensemble.py:88] - Retrieving loss curve and loss values...
[3071557:MainThread](2024-03-28 16:20:31,537) INFO - qlib.DEnsembleModel - [double_ensemble.py:102] - Feature selection...
[3071557:MainThread](2024-03-28 16:22:36,795) INFO - qlib.DEnsembleModel - [double_ensemble.py:81] - Training sub-model: (2/3)
[3071557:MainThread](2024-03-28 16:22:39,788) INFO - qlib.DEnsembleModel - [double_ensemble.py:88] - Retrieving loss curve and loss values...
[3071557:MainThread](2024-03-28 16:22:46,465) INFO - qlib.DEnsembleModel - [double_ensemble.py:102] - Feature selection...
[3071557:MainThread](2024-03-28 16:25:56,412) INFO - qlib.DEnsembleModel - [double_ensemble.py:81] - Training sub-model: (3/3)
[3071557:MainThread](2024-03-28 16:26:00,661) INFO - qlib.workflow - [record_temp.py:198] - Signal record 'pred.pkl' has been saved as the artifact of the Experiment 8
[3071557:MainThread](2024-03-28 16:26:00,724) INFO - qlib.timer - [log.py:127] - Time cost: 0.000s | waiting `async_log` Done
train tasks:  27%|██▋       | 12/44 [59:04<2:48:18, 315.57s/it][3071557:MainThread](2024-03-28 16:26:00,737) INFO - qlib.workflow - [exp.py:258] - Experiment 8 starts running ...
[3071557:MainThread](2024-03-28 16:26:00,767) INFO - qlib.workflow - [recorder.py:341] - Recorder 4a67622c7fb4402e925009dd3a054d84 starts running under Experiment 8 ...
[3071557:MainThread](2024-03-28 16:26:01,212) INFO - qlib.DEnsembleModel - [double_ensemble.py:57] - Double Ensemble Model...
[3071557:MainThread](2024-03-28 16:26:01,905) WARNING - qlib.utils - [__init__.py:789] - The parameter `reweighter` with value `None` is ignored.
[3071557:MainThread](2024-03-28 16:26:03,660) INFO - qlib.DEnsembleModel - [double_ensemble.py:81] - Training sub-model: (1/3)
[3071557:MainThread](2024-03-28 16:26:09,781) INFO - qlib.DEnsembleModel - [double_ensemble.py:88] - Retrieving loss curve and loss values...
[3071557:MainThread](2024-03-28 16:26:20,353) INFO - qlib.DEnsembleModel - [double_ensemble.py:102] - Feature selection...
[3071557:MainThread](2024-03-28 16:28:10,879) INFO - qlib.DEnsembleModel - [double_ensemble.py:81] - Training sub-model: (2/3)
[3071557:MainThread](2024-03-28 16:28:13,346) INFO - qlib.DEnsembleModel - [double_ensemble.py:88] - Retrieving loss curve and loss values...
[3071557:MainThread](2024-03-28 16:28:18,080) INFO - qlib.DEnsembleModel - [double_ensemble.py:102] - Feature selection...
[3071557:MainThread](2024-03-28 16:32:05,780) INFO - qlib.DEnsembleModel - [double_ensemble.py:81] - Training sub-model: (3/3)
[3071557:MainThread](2024-03-28 16:32:11,556) INFO - qlib.workflow - [record_temp.py:198] - Signal record 'pred.pkl' has been saved as the artifact of the Experiment 8
[3071557:MainThread](2024-03-28 16:32:11,638) INFO - qlib.timer - [log.py:127] - Time cost: 0.000s | waiting `async_log` Done
train tasks:  30%|██▉       | 13/44 [1:05:15<2:51:42, 332.35s/it][3071557:MainThread](2024-03-28 16:32:11,738) INFO - qlib.workflow - [exp.py:258] - Experiment 8 starts running ...
[3071557:MainThread](2024-03-28 16:32:11,768) INFO - qlib.workflow - [recorder.py:341] - Recorder 95575ec25afc45c4b7854d05accb61c8 starts running under Experiment 8 ...
[3071557:MainThread](2024-03-28 16:32:12,601) INFO - qlib.DEnsembleModel - [double_ensemble.py:57] - Double Ensemble Model...
[3071557:MainThread](2024-03-28 16:32:16,009) WARNING - qlib.utils - [__init__.py:789] - The parameter `reweighter` with value `None` is ignored.
[3071557:MainThread](2024-03-28 16:32:17,987) INFO - qlib.DEnsembleModel - [double_ensemble.py:81] - Training sub-model: (1/3)
[3071557:MainThread](2024-03-28 16:32:24,717) INFO - qlib.DEnsembleModel - [double_ensemble.py:88] - Retrieving loss curve and loss values...
[3071557:MainThread](2024-03-28 16:32:37,824) INFO - qlib.DEnsembleModel - [double_ensemble.py:102] - Feature selection...
[3071557:MainThread](2024-03-28 16:34:58,188) INFO - qlib.DEnsembleModel - [double_ensemble.py:81] - Training sub-model: (2/3)
[3071557:MainThread](2024-03-28 16:35:02,412) INFO - qlib.DEnsembleModel - [double_ensemble.py:88] - Retrieving loss curve and loss values...
[3071557:MainThread](2024-03-28 16:35:10,403) INFO - qlib.DEnsembleModel - [double_ensemble.py:102] - Feature selection...
[3071557:MainThread](2024-03-28 16:38:58,070) INFO - qlib.DEnsembleModel - [double_ensemble.py:81] - Training sub-model: (3/3)
[3071557:MainThread](2024-03-28 16:39:02,678) INFO - qlib.workflow - [record_temp.py:198] - Signal record 'pred.pkl' has been saved as the artifact of the Experiment 8
[3071557:MainThread](2024-03-28 16:39:02,730) INFO - qlib.timer - [log.py:127] - Time cost: 0.000s | waiting `async_log` Done
train tasks:  32%|███▏      | 14/44 [1:12:06<2:58:03, 356.12s/it][3071557:MainThread](2024-03-28 16:39:02,737) INFO - qlib.workflow - [exp.py:258] - Experiment 8 starts running ...
[3071557:MainThread](2024-03-28 16:39:02,749) INFO - qlib.workflow - [recorder.py:341] - Recorder b1b4e3297ae847b3821b73c1d48b53ff starts running under Experiment 8 ...
[3071557:MainThread](2024-03-28 16:39:03,226) INFO - qlib.DEnsembleModel - [double_ensemble.py:57] - Double Ensemble Model...
[3071557:MainThread](2024-03-28 16:39:04,002) WARNING - qlib.utils - [__init__.py:789] - The parameter `reweighter` with value `None` is ignored.
[3071557:MainThread](2024-03-28 16:39:05,921) INFO - qlib.DEnsembleModel - [double_ensemble.py:81] - Training sub-model: (1/3)
[3071557:MainThread](2024-03-28 16:39:12,158) INFO - qlib.DEnsembleModel - [double_ensemble.py:88] - Retrieving loss curve and loss values...
[3071557:MainThread](2024-03-28 16:39:25,070) INFO - qlib.DEnsembleModel - [double_ensemble.py:102] - Feature selection...
[3071557:MainThread](2024-03-28 16:41:52,855) INFO - qlib.DEnsembleModel - [double_ensemble.py:81] - Training sub-model: (2/3)
[3071557:MainThread](2024-03-28 16:41:57,206) INFO - qlib.DEnsembleModel - [double_ensemble.py:88] - Retrieving loss curve and loss values...
[3071557:MainThread](2024-03-28 16:42:08,167) INFO - qlib.DEnsembleModel - [double_ensemble.py:102] - Feature selection...
[3071557:MainThread](2024-03-28 16:45:54,603) INFO - qlib.DEnsembleModel - [double_ensemble.py:81] - Training sub-model: (3/3)
[3071557:MainThread](2024-03-28 16:46:01,203) INFO - qlib.workflow - [record_temp.py:198] - Signal record 'pred.pkl' has been saved as the artifact of the Experiment 8
[3071557:MainThread](2024-03-28 16:46:01,373) INFO - qlib.timer - [log.py:127] - Time cost: 0.000s | waiting `async_log` Done
train tasks:  34%|███▍      | 15/44 [1:19:04<3:01:14, 374.97s/it][3071557:MainThread](2024-03-28 16:46:01,380) INFO - qlib.workflow - [exp.py:258] - Experiment 8 starts running ...
[3071557:MainThread](2024-03-28 16:46:01,390) INFO - qlib.workflow - [recorder.py:341] - Recorder 3d786397e3b94fc0bf58f08df284696b starts running under Experiment 8 ...
[3071557:MainThread](2024-03-28 16:46:01,844) INFO - qlib.DEnsembleModel - [double_ensemble.py:57] - Double Ensemble Model...
[3071557:MainThread](2024-03-28 16:46:02,554) WARNING - qlib.utils - [__init__.py:789] - The parameter `reweighter` with value `None` is ignored.
[3071557:MainThread](2024-03-28 16:46:04,475) INFO - qlib.DEnsembleModel - [double_ensemble.py:81] - Training sub-model: (1/3)
[3071557:MainThread](2024-03-28 16:46:13,121) INFO - qlib.DEnsembleModel - [double_ensemble.py:88] - Retrieving loss curve and loss values...
[3071557:MainThread](2024-03-28 16:46:28,521) INFO - qlib.DEnsembleModel - [double_ensemble.py:102] - Feature selection...
[3071557:MainThread](2024-03-28 16:48:37,763) INFO - qlib.DEnsembleModel - [double_ensemble.py:81] - Training sub-model: (2/3)
[3071557:MainThread](2024-03-28 16:48:42,086) INFO - qlib.DEnsembleModel - [double_ensemble.py:88] - Retrieving loss curve and loss values...
[3071557:MainThread](2024-03-28 16:48:47,923) INFO - qlib.DEnsembleModel - [double_ensemble.py:102] - Feature selection...
[3071557:MainThread](2024-03-28 16:52:06,534) INFO - qlib.DEnsembleModel - [double_ensemble.py:81] - Training sub-model: (3/3)
[3071557:MainThread](2024-03-28 16:52:12,026) INFO - qlib.workflow - [record_temp.py:198] - Signal record 'pred.pkl' has been saved as the artifact of the Experiment 8
[3071557:MainThread](2024-03-28 16:52:12,111) INFO - qlib.timer - [log.py:127] - Time cost: 0.000s | waiting `async_log` Done
train tasks:  36%|███▋      | 16/44 [1:25:15<2:54:23, 373.69s/it][3071557:MainThread](2024-03-28 16:52:12,121) INFO - qlib.workflow - [exp.py:258] - Experiment 8 starts running ...
[3071557:MainThread](2024-03-28 16:52:12,135) INFO - qlib.workflow - [recorder.py:341] - Recorder 61382130bb674ddf8e874c57056c5e1e starts running under Experiment 8 ...
[3071557:MainThread](2024-03-28 16:52:12,577) INFO - qlib.DEnsembleModel - [double_ensemble.py:57] - Double Ensemble Model...
[3071557:MainThread](2024-03-28 16:52:13,484) WARNING - qlib.utils - [__init__.py:789] - The parameter `reweighter` with value `None` is ignored.
[3071557:MainThread](2024-03-28 16:52:15,306) INFO - qlib.DEnsembleModel - [double_ensemble.py:81] - Training sub-model: (1/3)
[3071557:MainThread](2024-03-28 16:52:24,331) INFO - qlib.DEnsembleModel - [double_ensemble.py:88] - Retrieving loss curve and loss values...
[3071557:MainThread](2024-03-28 16:52:37,289) INFO - qlib.DEnsembleModel - [double_ensemble.py:102] - Feature selection...
[3071557:MainThread](2024-03-28 16:54:45,524) INFO - qlib.DEnsembleModel - [double_ensemble.py:81] - Training sub-model: (2/3)
[3071557:MainThread](2024-03-28 16:54:50,054) INFO - qlib.DEnsembleModel - [double_ensemble.py:88] - Retrieving loss curve and loss values...
[3071557:MainThread](2024-03-28 16:54:55,298) INFO - qlib.DEnsembleModel - [double_ensemble.py:102] - Feature selection...
[3071557:MainThread](2024-03-28 16:58:13,142) INFO - qlib.DEnsembleModel - [double_ensemble.py:81] - Training sub-model: (3/3)
[3071557:MainThread](2024-03-28 16:58:18,130) INFO - qlib.workflow - [record_temp.py:198] - Signal record 'pred.pkl' has been saved as the artifact of the Experiment 8
[3071557:MainThread](2024-03-28 16:58:18,185) INFO - qlib.timer - [log.py:127] - Time cost: 0.000s | waiting `async_log` Done
train tasks:  39%|███▊      | 17/44 [1:31:21<2:47:07, 371.40s/it][3071557:MainThread](2024-03-28 16:58:18,194) INFO - qlib.workflow - [exp.py:258] - Experiment 8 starts running ...
[3071557:MainThread](2024-03-28 16:58:18,208) INFO - qlib.workflow - [recorder.py:341] - Recorder 1768c879e9f44407bf2e0925b794fbf9 starts running under Experiment 8 ...
[3071557:MainThread](2024-03-28 16:58:18,642) INFO - qlib.DEnsembleModel - [double_ensemble.py:57] - Double Ensemble Model...
[3071557:MainThread](2024-03-28 16:58:19,494) WARNING - qlib.utils - [__init__.py:789] - The parameter `reweighter` with value `None` is ignored.
[3071557:MainThread](2024-03-28 16:58:21,313) INFO - qlib.DEnsembleModel - [double_ensemble.py:81] - Training sub-model: (1/3)
[3071557:MainThread](2024-03-28 16:58:29,004) INFO - qlib.DEnsembleModel - [double_ensemble.py:88] - Retrieving loss curve and loss values...
[3071557:MainThread](2024-03-28 16:58:42,261) INFO - qlib.DEnsembleModel - [double_ensemble.py:102] - Feature selection...
[3071557:MainThread](2024-03-28 17:00:55,942) INFO - qlib.DEnsembleModel - [double_ensemble.py:81] - Training sub-model: (2/3)
[3071557:MainThread](2024-03-28 17:01:00,255) INFO - qlib.DEnsembleModel - [double_ensemble.py:88] - Retrieving loss curve and loss values...
[3071557:MainThread](2024-03-28 17:01:05,942) INFO - qlib.DEnsembleModel - [double_ensemble.py:102] - Feature selection...
[3071557:MainThread](2024-03-28 17:04:58,080) INFO - qlib.DEnsembleModel - [double_ensemble.py:81] - Training sub-model: (3/3)
[3071557:MainThread](2024-03-28 17:05:03,653) INFO - qlib.workflow - [record_temp.py:198] - Signal record 'pred.pkl' has been saved as the artifact of the Experiment 8
[3071557:MainThread](2024-03-28 17:05:03,706) INFO - qlib.timer - [log.py:127] - Time cost: 0.000s | waiting `async_log` Done
train tasks:  41%|████      | 18/44 [1:38:07<2:45:23, 381.67s/it][3071557:MainThread](2024-03-28 17:05:03,848) INFO - qlib.workflow - [exp.py:258] - Experiment 8 starts running ...
[3071557:MainThread](2024-03-28 17:05:03,867) INFO - qlib.workflow - [recorder.py:341] - Recorder dc50ea2e60f14b4aa8c1d48c1abc2510 starts running under Experiment 8 ...
[3071557:MainThread](2024-03-28 17:05:04,347) INFO - qlib.DEnsembleModel - [double_ensemble.py:57] - Double Ensemble Model...
[3071557:MainThread](2024-03-28 17:05:05,477) WARNING - qlib.utils - [__init__.py:789] - The parameter `reweighter` with value `None` is ignored.
[3071557:MainThread](2024-03-28 17:05:07,548) INFO - qlib.DEnsembleModel - [double_ensemble.py:81] - Training sub-model: (1/3)
[3071557:MainThread](2024-03-28 17:05:15,271) INFO - qlib.DEnsembleModel - [double_ensemble.py:88] - Retrieving loss curve and loss values...
[3071557:MainThread](2024-03-28 17:05:33,595) INFO - qlib.DEnsembleModel - [double_ensemble.py:102] - Feature selection...
[3071557:MainThread](2024-03-28 17:08:09,892) INFO - qlib.DEnsembleModel - [double_ensemble.py:81] - Training sub-model: (2/3)
[3071557:MainThread](2024-03-28 17:08:14,326) INFO - qlib.DEnsembleModel - [double_ensemble.py:88] - Retrieving loss curve and loss values...
[3071557:MainThread](2024-03-28 17:08:21,806) INFO - qlib.DEnsembleModel - [double_ensemble.py:102] - Feature selection...
[3071557:MainThread](2024-03-28 17:12:20,433) INFO - qlib.DEnsembleModel - [double_ensemble.py:81] - Training sub-model: (3/3)
[3071557:MainThread](2024-03-28 17:12:25,790) INFO - qlib.workflow - [record_temp.py:198] - Signal record 'pred.pkl' has been saved as the artifact of the Experiment 8
ModuleNotFoundError. CatBoostModel are skipped. (optional: maybe installing CatBoostModel can fix it.)
[20]	train's l2: 0.959367	valid's l2: 0.992537
[20]	train's l2: 0.960565	valid's l2: 0.993212
[20]	train's l2: 0.961236	valid's l2: 0.99335
'The following are prediction results of the DEnsembleModel model.'
                          score
datetime   instrument          
2017-01-03 SH600000   -0.052554
           SH600008   -0.037677
           SH600009    0.147494
           SH600010   -0.107896
           SH600015    0.111746
[20]	train's l2: 0.958234	valid's l2: 0.992655
[20]	train's l2: 0.961096	valid's l2: 0.993515
[20]	train's l2: 0.961969	valid's l2: 0.990686
'The following are prediction results of the DEnsembleModel model.'
                          score
datetime   instrument          
2017-02-07 SH600000    0.174711
           SH600008    0.062851
           SH600009    0.226374
           SH600010   -0.012573
           SH600015    0.250439
[20]	train's l2: 0.959314	valid's l2: 0.99082
[20]	train's l2: 0.962686	valid's l2: 0.991195
[20]	train's l2: 0.962267	valid's l2: 0.990972
'The following are prediction results of the DEnsembleModel model.'
                          score
datetime   instrument          
2017-03-07 SH600000    0.108317
           SH600008   -0.022587
           SH600009    0.034805
           SH600010   -0.004893
           SH600015    0.140363
[20]	train's l2: 0.962053	valid's l2: 0.989665
[20]	train's l2: 0.962676	valid's l2: 0.989753
[20]	train's l2: 0.961682	valid's l2: 0.989602
'The following are prediction results of the DEnsembleModel model.'
                          score
datetime   instrument          
2017-04-06 SH600000   -0.000086
           SH600008   -0.056288
           SH600009    0.062544
           SH600010    0.148788
           SH600015    0.004069
[20]	train's l2: 0.961213	valid's l2: 0.988351
[20]	train's l2: 0.963224	valid's l2: 0.989617
[20]	train's l2: 0.962623	valid's l2: 0.989214
'The following are prediction results of the DEnsembleModel model.'
                          score
datetime   instrument          
2017-05-05 SH600000    0.008817
           SH600008   -0.039073
           SH600009    0.054529
           SH600010   -0.124702
           SH600015   -0.041595
[20]	train's l2: 0.960769	valid's l2: 0.986068
[20]	train's l2: 0.961012	valid's l2: 0.987964
[20]	train's l2: 0.963448	valid's l2: 0.987465
'The following are prediction results of the DEnsembleModel model.'
                          score
datetime   instrument          
2017-06-06 SH600000    0.076575
           SH600008    0.173360
           SH600009    0.126433
           SH600010    0.164244
           SH600015    0.270123
[20]	train's l2: 0.961615	valid's l2: 0.985323
[20]	train's l2: 0.963155	valid's l2: 0.986982
[20]	train's l2: 0.963354	valid's l2: 0.986119
'The following are prediction results of the DEnsembleModel model.'
                          score
datetime   instrument          
2017-07-04 SH600000   -0.018396
           SH600008   -0.167282
           SH600009    0.037406
           SH600010    0.089000
           SH600015   -0.005798
[20]	train's l2: 0.962384	valid's l2: 0.985773
[20]	train's l2: 0.962207	valid's l2: 0.986587
[20]	train's l2: 0.965155	valid's l2: 0.986577
'The following are prediction results of the DEnsembleModel model.'
                          score
datetime   instrument          
2017-08-01 SH600000    0.092882
           SH600008    0.051136
           SH600009    0.141826
           SH600010   -0.012210
           SH600015    0.118715
[20]	train's l2: 0.961116	valid's l2: 0.988279
[20]	train's l2: 0.96403	valid's l2: 0.987217
[20]	train's l2: 0.963117	valid's l2: 0.987593
'The following are prediction results of the DEnsembleModel model.'
                          score
datetime   instrument          
2017-08-29 SH600000    0.103695
           SH600008   -0.160458
           SH600009    0.095475
           SH600010   -0.012376
           SH600015    0.071380
[20]	train's l2: 0.960275	valid's l2: 0.988674
[20]	train's l2: 0.962202	valid's l2: 0.989332
[20]	train's l2: 0.963559	valid's l2: 0.990082
'The following are prediction results of the DEnsembleModel model.'
                          score
datetime   instrument          
2017-09-26 SH600000    0.061914
           SH600008   -0.158263
           SH600009    0.001303
           SH600010   -0.127696
           SH600015   -0.118878
[20]	train's l2: 0.960258	valid's l2: 0.986968
[20]	train's l2: 0.963422	valid's l2: 0.98715
[20]	train's l2: 0.963839	valid's l2: 0.986359
'The following are prediction results of the DEnsembleModel model.'
                          score
datetime   instrument          
2017-10-31 SH600000    0.018364
           SH600008   -0.185894
           SH600009    0.024191
           SH600010   -0.000877
           SH600015    0.016114
[20]	train's l2: 0.96149	valid's l2: 0.984764
[20]	train's l2: 0.964201	valid's l2: 0.985899
[20]	train's l2: 0.964419	valid's l2: 0.984707
'The following are prediction results of the DEnsembleModel model.'
                          score
datetime   instrument          
2017-11-28 SH600000    0.197488
           SH600008    0.051267
           SH600009   -0.065754
           SH600010   -0.051389
           SH600015    0.239413
[20]	train's l2: 0.961703	valid's l2: 0.984826
[20]	train's l2: 0.964712	valid's l2: 0.983828
[20]	train's l2: 0.965332	valid's l2: 0.983238
'The following are prediction results of the DEnsembleModel model.'
                          score
datetime   instrument          
2017-12-26 SH600000    0.042352
           SH600008   -0.077794
           SH600009    0.185233
           SH600010   -0.039075
           SH600011    0.067365
[20]	train's l2: 0.962079	valid's l2: 0.984711
[20]	train's l2: 0.964468	valid's l2: 0.984509
[20]	train's l2: 0.964182	valid's l2: 0.987095
'The following are prediction results of the DEnsembleModel model.'
                          score
datetime   instrument          
2018-01-24 SH600000    0.080114
           SH600008   -0.105611
           SH600009    0.009268
           SH600010   -0.002836
           SH600011    0.103887
[20]	train's l2: 0.962233	valid's l2: 0.984933
[20]	train's l2: 0.963838	valid's l2: 0.98664
[20]	train's l2: 0.964425	valid's l2: 0.984753
'The following are prediction results of the DEnsembleModel model.'
                          score
datetime   instrument          
2018-02-28 SH600000   -0.177883
           SH600008    0.116761
           SH600009    0.049658
           SH600010    0.014496
           SH600011    0.146652
[20]	train's l2: 0.962328	valid's l2: 0.984029
[20]	train's l2: 0.964227	valid's l2: 0.984395
[20]	train's l2: 0.963747	valid's l2: 0.984112
'The following are prediction results of the DEnsembleModel model.'
                          score
datetime   instrument          
2018-03-28 SH600000   -0.047710
           SH600008   -0.088285
           SH600009    0.231828
           SH600010    0.141561
           SH600011   -0.038791
[20]	train's l2: 0.961634	valid's l2: 0.983326
[20]	train's l2: 0.964854	valid's l2: 0.984438
[20]	train's l2: 0.964092	valid's l2: 0.984258
'The following are prediction results of the DEnsembleModel model.'
                          score
datetime   instrument          
2018-04-27 SH600000   -0.090323
           SH600008   -0.044831
           SH600009    0.115006
           SH600010   -0.017776
           SH600011   -0.025890
[20]	train's l2: 0.961921	valid's l2: 0.981653
[20]	train's l2: 0.964911	valid's l2: 0.980656
[20]	train's l2: 0.965221	valid's l2: 0.980507
'The following are prediction results of the DEnsembleModel model.'
                          score
datetime   instrument          
2018-05-29 SH600000   -0.043499
           SH600008   -0.061363
           SH600009    0.154067
           SH600010    0.039575
           SH600011   -0.180148
[20]	train's l2: 0.962792	valid's l2: 0.98113
[20]	train's l2: 0.965549	valid's l2: 0.980754
[20]	train's l2: 0.964148	valid's l2: 0.982165
'The following are prediction results of the DEnsembleModel model.'
[3071557:MainThread](2024-03-28 17:12:25,853) INFO - qlib.timer - [log.py:127] - Time cost: 0.000s | waiting `async_log` Done
train tasks:  43%|████▎     | 19/44 [1:45:29<2:46:35, 399.82s/it][3071557:MainThread](2024-03-28 17:12:25,862) INFO - qlib.workflow - [exp.py:258] - Experiment 8 starts running ...
[3071557:MainThread](2024-03-28 17:12:25,876) INFO - qlib.workflow - [recorder.py:341] - Recorder 11191ac39a2a4c75abb9fb1452db3966 starts running under Experiment 8 ...
[3071557:MainThread](2024-03-28 17:12:26,364) INFO - qlib.DEnsembleModel - [double_ensemble.py:57] - Double Ensemble Model...
[3071557:MainThread](2024-03-28 17:12:27,273) WARNING - qlib.utils - [__init__.py:789] - The parameter `reweighter` with value `None` is ignored.
[3071557:MainThread](2024-03-28 17:12:29,210) INFO - qlib.DEnsembleModel - [double_ensemble.py:81] - Training sub-model: (1/3)
[3071557:MainThread](2024-03-28 17:12:37,020) INFO - qlib.DEnsembleModel - [double_ensemble.py:88] - Retrieving loss curve and loss values...
[3071557:MainThread](2024-03-28 17:12:50,084) INFO - qlib.DEnsembleModel - [double_ensemble.py:102] - Feature selection...
[3071557:MainThread](2024-03-28 17:15:09,290) INFO - qlib.DEnsembleModel - [double_ensemble.py:81] - Training sub-model: (2/3)
[3071557:MainThread](2024-03-28 17:15:13,063) INFO - qlib.DEnsembleModel - [double_ensemble.py:88] - Retrieving loss curve and loss values...
[3071557:MainThread](2024-03-28 17:15:19,715) INFO - qlib.DEnsembleModel - [double_ensemble.py:102] - Feature selection...
[3071557:MainThread](2024-03-28 17:18:49,179) INFO - qlib.DEnsembleModel - [double_ensemble.py:81] - Training sub-model: (3/3)
[3071557:MainThread](2024-03-28 17:18:54,577) INFO - qlib.workflow - [record_temp.py:198] - Signal record 'pred.pkl' has been saved as the artifact of the Experiment 8
[3071557:MainThread](2024-03-28 17:18:54,658) INFO - qlib.timer - [log.py:127] - Time cost: 0.000s | waiting `async_log` Done
train tasks:  45%|████▌     | 20/44 [1:51:58<2:38:36, 396.51s/it][3071557:MainThread](2024-03-28 17:18:54,667) INFO - qlib.workflow - [exp.py:258] - Experiment 8 starts running ...
[3071557:MainThread](2024-03-28 17:18:54,685) INFO - qlib.workflow - [recorder.py:341] - Recorder 3624373ed94e4f878841355ea80e7af8 starts running under Experiment 8 ...
[3071557:MainThread](2024-03-28 17:18:55,129) INFO - qlib.DEnsembleModel - [double_ensemble.py:57] - Double Ensemble Model...
[3071557:MainThread](2024-03-28 17:18:58,199) WARNING - qlib.utils - [__init__.py:789] - The parameter `reweighter` with value `None` is ignored.
[3071557:MainThread](2024-03-28 17:19:00,024) INFO - qlib.DEnsembleModel - [double_ensemble.py:81] - Training sub-model: (1/3)
[3071557:MainThread](2024-03-28 17:19:07,191) INFO - qlib.DEnsembleModel - [double_ensemble.py:88] - Retrieving loss curve and loss values...
[3071557:MainThread](2024-03-28 17:19:18,072) INFO - qlib.DEnsembleModel - [double_ensemble.py:102] - Feature selection...
[3071557:MainThread](2024-03-28 17:21:17,972) INFO - qlib.DEnsembleModel - [double_ensemble.py:81] - Training sub-model: (2/3)
[3071557:MainThread](2024-03-28 17:21:23,909) INFO - qlib.DEnsembleModel - [double_ensemble.py:88] - Retrieving loss curve and loss values...
[3071557:MainThread](2024-03-28 17:21:30,503) INFO - qlib.DEnsembleModel - [double_ensemble.py:102] - Feature selection...
[3071557:MainThread](2024-03-28 17:24:29,853) INFO - qlib.DEnsembleModel - [double_ensemble.py:81] - Training sub-model: (3/3)
[3071557:MainThread](2024-03-28 17:24:35,706) INFO - qlib.workflow - [record_temp.py:198] - Signal record 'pred.pkl' has been saved as the artifact of the Experiment 8
[3071557:MainThread](2024-03-28 17:24:35,766) INFO - qlib.timer - [log.py:127] - Time cost: 0.000s | waiting `async_log` Done
train tasks:  48%|████▊     | 21/44 [1:57:39<2:25:37, 379.89s/it][3071557:MainThread](2024-03-28 17:24:35,798) INFO - qlib.workflow - [exp.py:258] - Experiment 8 starts running ...
[3071557:MainThread](2024-03-28 17:24:35,817) INFO - qlib.workflow - [recorder.py:341] - Recorder 43e8235384004f248858dab8336c89f4 starts running under Experiment 8 ...
[3071557:MainThread](2024-03-28 17:24:36,303) INFO - qlib.DEnsembleModel - [double_ensemble.py:57] - Double Ensemble Model...
[3071557:MainThread](2024-03-28 17:24:37,198) WARNING - qlib.utils - [__init__.py:789] - The parameter `reweighter` with value `None` is ignored.
[3071557:MainThread](2024-03-28 17:24:39,792) INFO - qlib.DEnsembleModel - [double_ensemble.py:81] - Training sub-model: (1/3)
[3071557:MainThread](2024-03-28 17:24:47,959) INFO - qlib.DEnsembleModel - [double_ensemble.py:88] - Retrieving loss curve and loss values...
[3071557:MainThread](2024-03-28 17:25:05,387) INFO - qlib.DEnsembleModel - [double_ensemble.py:102] - Feature selection...
[3071557:MainThread](2024-03-28 17:27:28,361) INFO - qlib.DEnsembleModel - [double_ensemble.py:81] - Training sub-model: (2/3)
[3071557:MainThread](2024-03-28 17:27:32,681) INFO - qlib.DEnsembleModel - [double_ensemble.py:88] - Retrieving loss curve and loss values...
[3071557:MainThread](2024-03-28 17:27:41,702) INFO - qlib.DEnsembleModel - [double_ensemble.py:102] - Feature selection...
[3071557:MainThread](2024-03-28 17:30:57,626) INFO - qlib.DEnsembleModel - [double_ensemble.py:81] - Training sub-model: (3/3)
[3071557:MainThread](2024-03-28 17:31:00,924) INFO - qlib.workflow - [record_temp.py:198] - Signal record 'pred.pkl' has been saved as the artifact of the Experiment 8
[3071557:MainThread](2024-03-28 17:31:01,000) INFO - qlib.timer - [log.py:127] - Time cost: 0.000s | waiting `async_log` Done
train tasks:  50%|█████     | 22/44 [2:04:04<2:19:52, 381.49s/it][3071557:MainThread](2024-03-28 17:31:01,006) INFO - qlib.workflow - [exp.py:258] - Experiment 8 starts running ...
[3071557:MainThread](2024-03-28 17:31:01,016) INFO - qlib.workflow - [recorder.py:341] - Recorder d55a1f20b09a4638bd5c8fe00636a209 starts running under Experiment 8 ...
[3071557:MainThread](2024-03-28 17:31:01,335) INFO - qlib.DEnsembleModel - [double_ensemble.py:57] - Double Ensemble Model...
[3071557:MainThread](2024-03-28 17:31:02,103) WARNING - qlib.utils - [__init__.py:789] - The parameter `reweighter` with value `None` is ignored.
[3071557:MainThread](2024-03-28 17:31:04,064) INFO - qlib.DEnsembleModel - [double_ensemble.py:81] - Training sub-model: (1/3)
[3071557:MainThread](2024-03-28 17:31:09,249) INFO - qlib.DEnsembleModel - [double_ensemble.py:88] - Retrieving loss curve and loss values...
[3071557:MainThread](2024-03-28 17:31:20,504) INFO - qlib.DEnsembleModel - [double_ensemble.py:102] - Feature selection...
[3071557:MainThread](2024-03-28 17:33:07,756) INFO - qlib.DEnsembleModel - [double_ensemble.py:81] - Training sub-model: (2/3)
[3071557:MainThread](2024-03-28 17:33:10,220) INFO - qlib.DEnsembleModel - [double_ensemble.py:88] - Retrieving loss curve and loss values...
[3071557:MainThread](2024-03-28 17:33:16,462) INFO - qlib.DEnsembleModel - [double_ensemble.py:102] - Feature selection...
[3071557:MainThread](2024-03-28 17:35:54,003) INFO - qlib.DEnsembleModel - [double_ensemble.py:81] - Training sub-model: (3/3)
[3071557:MainThread](2024-03-28 17:35:57,344) INFO - qlib.workflow - [record_temp.py:198] - Signal record 'pred.pkl' has been saved as the artifact of the Experiment 8
[3071557:MainThread](2024-03-28 17:35:57,402) INFO - qlib.timer - [log.py:127] - Time cost: 0.000s | waiting `async_log` Done
train tasks:  52%|█████▏    | 23/44 [2:09:01<2:04:35, 355.95s/it][3071557:MainThread](2024-03-28 17:35:57,408) INFO - qlib.workflow - [exp.py:258] - Experiment 8 starts running ...
[3071557:MainThread](2024-03-28 17:35:57,418) INFO - qlib.workflow - [recorder.py:341] - Recorder 17b0b50727634ad580dbf7d554959ac6 starts running under Experiment 8 ...
[3071557:MainThread](2024-03-28 17:35:57,682) INFO - qlib.DEnsembleModel - [double_ensemble.py:57] - Double Ensemble Model...
[3071557:MainThread](2024-03-28 17:35:58,424) WARNING - qlib.utils - [__init__.py:789] - The parameter `reweighter` with value `None` is ignored.
[3071557:MainThread](2024-03-28 17:36:00,022) INFO - qlib.DEnsembleModel - [double_ensemble.py:81] - Training sub-model: (1/3)
[3071557:MainThread](2024-03-28 17:36:04,843) INFO - qlib.DEnsembleModel - [double_ensemble.py:88] - Retrieving loss curve and loss values...
[3071557:MainThread](2024-03-28 17:36:14,709) INFO - qlib.DEnsembleModel - [double_ensemble.py:102] - Feature selection...
[3071557:MainThread](2024-03-28 17:37:51,642) INFO - qlib.DEnsembleModel - [double_ensemble.py:81] - Training sub-model: (2/3)
[3071557:MainThread](2024-03-28 17:37:53,954) INFO - qlib.DEnsembleModel - [double_ensemble.py:88] - Retrieving loss curve and loss values...
[3071557:MainThread](2024-03-28 17:37:59,935) INFO - qlib.DEnsembleModel - [double_ensemble.py:102] - Feature selection...
[3071557:MainThread](2024-03-28 17:40:23,430) INFO - qlib.DEnsembleModel - [double_ensemble.py:81] - Training sub-model: (3/3)
[3071557:MainThread](2024-03-28 17:40:26,989) INFO - qlib.workflow - [record_temp.py:198] - Signal record 'pred.pkl' has been saved as the artifact of the Experiment 8
[3071557:MainThread](2024-03-28 17:40:27,075) INFO - qlib.timer - [log.py:127] - Time cost: 0.000s | waiting `async_log` Done
train tasks:  55%|█████▍    | 24/44 [2:13:30<1:50:01, 330.06s/it][3071557:MainThread](2024-03-28 17:40:27,084) INFO - qlib.workflow - [exp.py:258] - Experiment 8 starts running ...
[3071557:MainThread](2024-03-28 17:40:27,098) INFO - qlib.workflow - [recorder.py:341] - Recorder ad074ff642f1486db739a053d48464b6 starts running under Experiment 8 ...
[3071557:MainThread](2024-03-28 17:40:27,298) INFO - qlib.DEnsembleModel - [double_ensemble.py:57] - Double Ensemble Model...
[3071557:MainThread](2024-03-28 17:40:28,043) WARNING - qlib.utils - [__init__.py:789] - The parameter `reweighter` with value `None` is ignored.
[3071557:MainThread](2024-03-28 17:40:29,651) INFO - qlib.DEnsembleModel - [double_ensemble.py:81] - Training sub-model: (1/3)
[3071557:MainThread](2024-03-28 17:40:34,551) INFO - qlib.DEnsembleModel - [double_ensemble.py:88] - Retrieving loss curve and loss values...
[3071557:MainThread](2024-03-28 17:40:45,271) INFO - qlib.DEnsembleModel - [double_ensemble.py:102] - Feature selection...
[3071557:MainThread](2024-03-28 17:42:33,601) INFO - qlib.DEnsembleModel - [double_ensemble.py:81] - Training sub-model: (2/3)
[3071557:MainThread](2024-03-28 17:42:36,040) INFO - qlib.DEnsembleModel - [double_ensemble.py:88] - Retrieving loss curve and loss values...
[3071557:MainThread](2024-03-28 17:42:42,594) INFO - qlib.DEnsembleModel - [double_ensemble.py:102] - Feature selection...
[3071557:MainThread](2024-03-28 17:45:25,595) INFO - qlib.DEnsembleModel - [double_ensemble.py:81] - Training sub-model: (3/3)
[3071557:MainThread](2024-03-28 17:45:28,940) INFO - qlib.workflow - [record_temp.py:198] - Signal record 'pred.pkl' has been saved as the artifact of the Experiment 8
[3071557:MainThread](2024-03-28 17:45:29,024) INFO - qlib.timer - [log.py:127] - Time cost: 0.000s | waiting `async_log` Done
train tasks:  57%|█████▋    | 25/44 [2:18:32<1:41:50, 321.63s/it][3071557:MainThread](2024-03-28 17:45:29,033) INFO - qlib.workflow - [exp.py:258] - Experiment 8 starts running ...
[3071557:MainThread](2024-03-28 17:45:29,047) INFO - qlib.workflow - [recorder.py:341] - Recorder a36283abb7294e47becf12a3c39d3eeb starts running under Experiment 8 ...
[3071557:MainThread](2024-03-28 17:45:29,298) INFO - qlib.DEnsembleModel - [double_ensemble.py:57] - Double Ensemble Model...
[3071557:MainThread](2024-03-28 17:45:29,991) WARNING - qlib.utils - [__init__.py:789] - The parameter `reweighter` with value `None` is ignored.
[3071557:MainThread](2024-03-28 17:45:31,580) INFO - qlib.DEnsembleModel - [double_ensemble.py:81] - Training sub-model: (1/3)
[3071557:MainThread](2024-03-28 17:45:36,267) INFO - qlib.DEnsembleModel - [double_ensemble.py:88] - Retrieving loss curve and loss values...
[3071557:MainThread](2024-03-28 17:45:44,963) INFO - qlib.DEnsembleModel - [double_ensemble.py:102] - Feature selection...
[3071557:MainThread](2024-03-28 17:47:42,766) INFO - qlib.DEnsembleModel - [double_ensemble.py:81] - Training sub-model: (2/3)
[3071557:MainThread](2024-03-28 17:47:45,373) INFO - qlib.DEnsembleModel - [double_ensemble.py:88] - Retrieving loss curve and loss values...
[3071557:MainThread](2024-03-28 17:47:50,790) INFO - qlib.DEnsembleModel - [double_ensemble.py:102] - Feature selection...
[3071557:MainThread](2024-03-28 17:50:30,580) INFO - qlib.DEnsembleModel - [double_ensemble.py:81] - Training sub-model: (3/3)
[3071557:MainThread](2024-03-28 17:50:37,565) INFO - qlib.workflow - [record_temp.py:198] - Signal record 'pred.pkl' has been saved as the artifact of the Experiment 8
[3071557:MainThread](2024-03-28 17:50:37,663) INFO - qlib.timer - [log.py:127] - Time cost: 0.000s | waiting `async_log` Done
train tasks:  59%|█████▉    | 26/44 [2:23:41<1:35:19, 317.73s/it][3071557:MainThread](2024-03-28 17:50:37,672) INFO - qlib.workflow - [exp.py:258] - Experiment 8 starts running ...
[3071557:MainThread](2024-03-28 17:50:37,689) INFO - qlib.workflow - [recorder.py:341] - Recorder 4260af45a22f4362b102c54f4b119119 starts running under Experiment 8 ...
[3071557:MainThread](2024-03-28 17:50:37,958) INFO - qlib.DEnsembleModel - [double_ensemble.py:57] - Double Ensemble Model...
[3071557:MainThread](2024-03-28 17:50:39,062) WARNING - qlib.utils - [__init__.py:789] - The parameter `reweighter` with value `None` is ignored.
[3071557:MainThread](2024-03-28 17:50:43,368) INFO - qlib.DEnsembleModel - [double_ensemble.py:81] - Training sub-model: (1/3)
[3071557:MainThread](2024-03-28 17:50:50,528) INFO - qlib.DEnsembleModel - [double_ensemble.py:88] - Retrieving loss curve and loss values...
[3071557:MainThread](2024-03-28 17:51:11,442) INFO - qlib.DEnsembleModel - [double_ensemble.py:102] - Feature selection...
[3071557:MainThread](2024-03-28 17:54:14,467) INFO - qlib.DEnsembleModel - [double_ensemble.py:81] - Training sub-model: (2/3)
[3071557:MainThread](2024-03-28 17:54:19,192) INFO - qlib.DEnsembleModel - [double_ensemble.py:88] - Retrieving loss curve and loss values...
[3071557:MainThread](2024-03-28 17:54:30,085) INFO - qlib.DEnsembleModel - [double_ensemble.py:102] - Feature selection...
