[852918:MainThread](2024-04-06 19:22:02,543) INFO - qlib.Initialization - [config.py:416] - default_conf: client.
[852918:MainThread](2024-04-06 19:22:02,546) INFO - qlib.Initialization - [__init__.py:74] - qlib successfully initialized based on client settings.
[852918:MainThread](2024-04-06 19:22:02,547) INFO - qlib.Initialization - [__init__.py:76] - data_path={'day': PosixPath('/home/zhonghao/.qlib/qlib_data/my_data')}
[852918:MainThread](2024-04-06 19:22:02,549) WARNING - qlib.Rolling - [base.py:104] - Using user specifiied name for rolling models. So the experiment names duplicateds. Please manually remove your experiment for rolling model with command like `rm -r mlruns`. Otherwise it will prevents the creating of experimen with same name
[852918:MainThread](2024-04-06 19:22:02,549) WARNING - qlib.Rolling - [rolling_benchmark.py:32] - Model type is not in the benchmark!
[852918:MainThread](2024-04-06 19:22:02,562) INFO - qlib.Rolling - [base.py:162] - The prediction horizon is overrided
[852918:MainThread](2024-04-06 19:24:47,910) INFO - qlib.timer - [log.py:127] - Time cost: 165.345s | Loading data Done
[852918:MainThread](2024-04-06 19:24:49,826) INFO - qlib.timer - [log.py:127] - Time cost: 0.617s | DropnaLabel Done
[852918:MainThread](2024-04-06 19:25:00,372) INFO - qlib.timer - [log.py:127] - Time cost: 10.546s | CSZScoreNorm Done
[852918:MainThread](2024-04-06 19:25:00,376) INFO - qlib.timer - [log.py:127] - Time cost: 12.466s | fit & process data Done
[852918:MainThread](2024-04-06 19:25:00,377) INFO - qlib.timer - [log.py:127] - Time cost: 177.813s | Init data Done
[852918:MainThread](2024-04-06 19:25:05,367) INFO - qlib.Rolling - [base.py:173] - {'model': {'class': 'DEnsembleModel', 'module_path': 'qlib.contrib.model.double_ensemble', 'kwargs': {'base_model': 'gbm', 'loss': 'mse', 'num_models': 3, 'enable_sr': False, 'enable_fs': True, 'alpha1': 1, 'alpha2': 1, 'bins_sr': 10, 'bins_fs': 5, 'decay': 0.5, 'sample_ratios': [0.8, 0.7, 0.6, 0.5, 0.4], 'sub_weights': [1, 1, 1], 'epochs': 28, 'colsample_bytree': 0.8879, 'learning_rate': 0.2, 'subsample': 0.8789, 'lambda_l1': 205.6999, 'lambda_l2': 580.9768, 'max_depth': 8, 'num_leaves': 210, 'num_threads': 20, 'verbosity': -1}}, 'dataset': {'class': 'DatasetH', 'module_path': 'qlib.data.dataset', 'kwargs': {'handler': 'file:///home/zhonghao/code/qlib/exp_yaml/longer_data/Alpha158.cfb0d40f7d.pkl', 'segments': {'train': [datetime.date(2008, 1, 1), datetime.date(2021, 3, 30)], 'valid': [datetime.date(2021, 3, 31), datetime.date(2022, 3, 31)], 'test': [datetime.date(2022, 4, 1), datetime.date(2024, 4, 1)]}}}, 'record': [{'class': 'SignalRecord', 'module_path': 'qlib.workflow.record_temp', 'kwargs': {'model': '<MODEL>', 'dataset': '<DATASET>'}}, {'class': 'SigAnaRecord', 'module_path': 'qlib.workflow.record_temp', 'kwargs': {'ana_long_short': False, 'ann_scaler': 252}}, {'class': 'PortAnaRecord', 'module_path': 'qlib.workflow.record_temp', 'kwargs': {'config': {'strategy': {'class': 'TopkDropoutStrategy', 'module_path': 'qlib.contrib.strategy', 'kwargs': {'signal': '<PRED>', 'topk': 50, 'n_drop': 5}}, 'backtest': {'start_time': datetime.date(2022, 4, 1), 'end_time': datetime.date(2024, 4, 1), 'account': 100000000, 'benchmark': 'SH000300', 'exchange_kwargs': {'limit_threshold': 0.095, 'deal_price': 'close', 'open_cost': 0.0005, 'close_cost': 0.0015, 'min_cost': 5}}}}}]}
[852918:MainThread](2024-04-06 19:25:05,406) INFO - qlib.Rolling - [base.py:190] - Deleting previous Rolling results
[852918:MainThread](2024-04-06 19:25:05,411) INFO - qlib.Rolling - [base.py:196] - No previous rolling results
train tasks:   0%|          | 0/25 [00:00<?, ?it/s][852918:MainThread](2024-04-06 19:25:05,416) WARNING - qlib.workflow - [expm.py:230] - No valid experiment found. Create a new experiment with name rolling_doubleensemble_fs_20240406192200676658673.
[852918:MainThread](2024-04-06 19:25:05,477) INFO - qlib.workflow - [exp.py:258] - Experiment 10 starts running ...
[852918:MainThread](2024-04-06 19:25:05,786) INFO - qlib.workflow - [recorder.py:341] - Recorder 64198f7249e347ea8033cc4aa2605224 starts running under Experiment 10 ...
[852918:MainThread](2024-04-06 19:25:07,892) INFO - qlib.DEnsembleModel - [double_ensemble.py:57] - Double Ensemble Model...
[852918:MainThread](2024-04-06 19:25:08,864) WARNING - qlib.utils - [__init__.py:789] - The parameter `reweighter` with value `None` is ignored.
[852918:MainThread](2024-04-06 19:25:11,392) INFO - qlib.DEnsembleModel - [double_ensemble.py:81] - Training sub-model: (1/3)
[852918:MainThread](2024-04-06 19:25:43,980) INFO - qlib.DEnsembleModel - [double_ensemble.py:88] - Retrieving loss curve and loss values...
[852918:MainThread](2024-04-06 19:26:31,078) INFO - qlib.DEnsembleModel - [double_ensemble.py:102] - Feature selection...
[852918:MainThread](2024-04-06 19:35:01,487) INFO - qlib.DEnsembleModel - [double_ensemble.py:81] - Training sub-model: (2/3)
[852918:MainThread](2024-04-06 19:35:49,623) INFO - qlib.DEnsembleModel - [double_ensemble.py:88] - Retrieving loss curve and loss values...
[852918:MainThread](2024-04-06 19:36:20,338) INFO - qlib.DEnsembleModel - [double_ensemble.py:102] - Feature selection...
[852918:MainThread](2024-04-06 19:47:35,416) INFO - qlib.DEnsembleModel - [double_ensemble.py:81] - Training sub-model: (3/3)
[852918:MainThread](2024-04-06 19:48:01,938) INFO - qlib.workflow - [record_temp.py:198] - Signal record 'pred.pkl' has been saved as the artifact of the Experiment 10
[852918:MainThread](2024-04-06 19:48:02,089) INFO - qlib.timer - [log.py:127] - Time cost: 0.001s | waiting `async_log` Done
train tasks:   4%|▍         | 1/25 [22:56<9:10:40, 1376.69s/it][852918:MainThread](2024-04-06 19:48:02,159) INFO - qlib.workflow - [exp.py:258] - Experiment 10 starts running ...
[852918:MainThread](2024-04-06 19:48:02,194) INFO - qlib.workflow - [recorder.py:341] - Recorder 52ef546457a94bd9b046f833beb204af starts running under Experiment 10 ...
[852918:MainThread](2024-04-06 19:48:02,959) INFO - qlib.DEnsembleModel - [double_ensemble.py:57] - Double Ensemble Model...
[852918:MainThread](2024-04-06 19:48:04,454) WARNING - qlib.utils - [__init__.py:789] - The parameter `reweighter` with value `None` is ignored.
[852918:MainThread](2024-04-06 19:48:09,778) INFO - qlib.DEnsembleModel - [double_ensemble.py:81] - Training sub-model: (1/3)
[852918:MainThread](2024-04-06 19:48:44,325) INFO - qlib.DEnsembleModel - [double_ensemble.py:88] - Retrieving loss curve and loss values...
[852918:MainThread](2024-04-06 19:49:44,225) INFO - qlib.DEnsembleModel - [double_ensemble.py:102] - Feature selection...
[852918:MainThread](2024-04-06 19:56:19,298) INFO - qlib.DEnsembleModel - [double_ensemble.py:81] - Training sub-model: (2/3)
[852918:MainThread](2024-04-06 19:56:33,760) INFO - qlib.DEnsembleModel - [double_ensemble.py:88] - Retrieving loss curve and loss values...
[852918:MainThread](2024-04-06 19:57:00,460) INFO - qlib.DEnsembleModel - [double_ensemble.py:102] - Feature selection...
[852918:MainThread](2024-04-06 20:05:56,960) INFO - qlib.DEnsembleModel - [double_ensemble.py:81] - Training sub-model: (3/3)
[852918:MainThread](2024-04-06 20:06:07,970) INFO - qlib.workflow - [record_temp.py:198] - Signal record 'pred.pkl' has been saved as the artifact of the Experiment 10
[852918:MainThread](2024-04-06 20:06:08,075) INFO - qlib.timer - [log.py:127] - Time cost: 0.000s | waiting `async_log` Done
train tasks:   8%|▊         | 2/25 [41:02<7:42:10, 1205.68s/it][852918:MainThread](2024-04-06 20:06:08,089) INFO - qlib.workflow - [exp.py:258] - Experiment 10 starts running ...
[852918:MainThread](2024-04-06 20:06:08,103) INFO - qlib.workflow - [recorder.py:341] - Recorder 390d593438144a44b6afa4ffaa1e5bee starts running under Experiment 10 ...
[852918:MainThread](2024-04-06 20:06:08,392) INFO - qlib.DEnsembleModel - [double_ensemble.py:57] - Double Ensemble Model...
[852918:MainThread](2024-04-06 20:06:09,474) WARNING - qlib.utils - [__init__.py:789] - The parameter `reweighter` with value `None` is ignored.
[852918:MainThread](2024-04-06 20:06:12,597) INFO - qlib.DEnsembleModel - [double_ensemble.py:81] - Training sub-model: (1/3)
[852918:MainThread](2024-04-06 20:06:27,869) INFO - qlib.DEnsembleModel - [double_ensemble.py:88] - Retrieving loss curve and loss values...
[852918:MainThread](2024-04-06 20:06:51,456) INFO - qlib.DEnsembleModel - [double_ensemble.py:102] - Feature selection...
[852918:MainThread](2024-04-06 20:11:10,595) INFO - qlib.DEnsembleModel - [double_ensemble.py:81] - Training sub-model: (2/3)
[852918:MainThread](2024-04-06 20:11:31,685) INFO - qlib.DEnsembleModel - [double_ensemble.py:88] - Retrieving loss curve and loss values...
[852918:MainThread](2024-04-06 20:11:48,836) INFO - qlib.DEnsembleModel - [double_ensemble.py:102] - Feature selection...
[852918:MainThread](2024-04-06 20:18:05,637) INFO - qlib.DEnsembleModel - [double_ensemble.py:81] - Training sub-model: (3/3)
[852918:MainThread](2024-04-06 20:18:16,273) INFO - qlib.workflow - [record_temp.py:198] - Signal record 'pred.pkl' has been saved as the artifact of the Experiment 10
[852918:MainThread](2024-04-06 20:18:16,410) INFO - qlib.timer - [log.py:127] - Time cost: 0.001s | waiting `async_log` Done
train tasks:  12%|█▏        | 3/25 [53:11<6:02:09, 987.72s/it] [852918:MainThread](2024-04-06 20:18:16,430) INFO - qlib.workflow - [exp.py:258] - Experiment 10 starts running ...
[852918:MainThread](2024-04-06 20:18:16,463) INFO - qlib.workflow - [recorder.py:341] - Recorder 1726dad50d89424ab549f4f3ac7b80e8 starts running under Experiment 10 ...
[852918:MainThread](2024-04-06 20:18:16,762) INFO - qlib.DEnsembleModel - [double_ensemble.py:57] - Double Ensemble Model...
[852918:MainThread](2024-04-06 20:18:17,907) WARNING - qlib.utils - [__init__.py:789] - The parameter `reweighter` with value `None` is ignored.
[852918:MainThread](2024-04-06 20:18:21,571) INFO - qlib.DEnsembleModel - [double_ensemble.py:81] - Training sub-model: (1/3)
[852918:MainThread](2024-04-06 20:18:36,049) INFO - qlib.DEnsembleModel - [double_ensemble.py:88] - Retrieving loss curve and loss values...
[852918:MainThread](2024-04-06 20:19:03,757) INFO - qlib.DEnsembleModel - [double_ensemble.py:102] - Feature selection...
[852918:MainThread](2024-04-06 20:23:31,324) INFO - qlib.DEnsembleModel - [double_ensemble.py:81] - Training sub-model: (2/3)
[852918:MainThread](2024-04-06 20:23:46,276) INFO - qlib.DEnsembleModel - [double_ensemble.py:88] - Retrieving loss curve and loss values...
[852918:MainThread](2024-04-06 20:24:09,012) INFO - qlib.DEnsembleModel - [double_ensemble.py:102] - Feature selection...
[852918:MainThread](2024-04-06 20:32:04,856) INFO - qlib.DEnsembleModel - [double_ensemble.py:81] - Training sub-model: (3/3)
[852918:MainThread](2024-04-06 20:32:30,763) INFO - qlib.workflow - [record_temp.py:198] - Signal record 'pred.pkl' has been saved as the artifact of the Experiment 10
[852918:MainThread](2024-04-06 20:32:30,903) INFO - qlib.timer - [log.py:127] - Time cost: 0.004s | waiting `async_log` Done
train tasks:  16%|█▌        | 4/25 [1:07:25<5:27:17, 935.12s/it][852918:MainThread](2024-04-06 20:32:30,925) INFO - qlib.workflow - [exp.py:258] - Experiment 10 starts running ...
[852918:MainThread](2024-04-06 20:32:30,935) INFO - qlib.workflow - [recorder.py:341] - Recorder 472f62495ff149fc9b65d072b5a983f3 starts running under Experiment 10 ...
[852918:MainThread](2024-04-06 20:32:31,279) INFO - qlib.DEnsembleModel - [double_ensemble.py:57] - Double Ensemble Model...
[852918:MainThread](2024-04-06 20:32:32,370) WARNING - qlib.utils - [__init__.py:789] - The parameter `reweighter` with value `None` is ignored.
[852918:MainThread](2024-04-06 20:32:35,373) INFO - qlib.DEnsembleModel - [double_ensemble.py:81] - Training sub-model: (1/3)
[852918:MainThread](2024-04-06 20:32:45,097) INFO - qlib.DEnsembleModel - [double_ensemble.py:88] - Retrieving loss curve and loss values...
[852918:MainThread](2024-04-06 20:33:08,385) INFO - qlib.DEnsembleModel - [double_ensemble.py:102] - Feature selection...
[852918:MainThread](2024-04-06 20:37:18,065) INFO - qlib.DEnsembleModel - [double_ensemble.py:81] - Training sub-model: (2/3)
[852918:MainThread](2024-04-06 20:37:25,510) INFO - qlib.DEnsembleModel - [double_ensemble.py:88] - Retrieving loss curve and loss values...
[852918:MainThread](2024-04-06 20:37:42,168) INFO - qlib.DEnsembleModel - [double_ensemble.py:102] - Feature selection...
[852918:MainThread](2024-04-06 20:43:45,771) INFO - qlib.DEnsembleModel - [double_ensemble.py:81] - Training sub-model: (3/3)
[852918:MainThread](2024-04-06 20:43:56,224) INFO - qlib.workflow - [record_temp.py:198] - Signal record 'pred.pkl' has been saved as the artifact of the Experiment 10
[852918:MainThread](2024-04-06 20:43:56,354) INFO - qlib.timer - [log.py:127] - Time cost: 0.001s | waiting `async_log` Done
train tasks:  20%|██        | 5/25 [1:18:50<4:41:41, 845.09s/it][852918:MainThread](2024-04-06 20:43:56,372) INFO - qlib.workflow - [exp.py:258] - Experiment 10 starts running ...
[852918:MainThread](2024-04-06 20:43:56,392) INFO - qlib.workflow - [recorder.py:341] - Recorder 8df2a4e00c4b458e93879ad66d3b5391 starts running under Experiment 10 ...
[852918:MainThread](2024-04-06 20:43:56,835) INFO - qlib.DEnsembleModel - [double_ensemble.py:57] - Double Ensemble Model...
[852918:MainThread](2024-04-06 20:43:58,062) WARNING - qlib.utils - [__init__.py:789] - The parameter `reweighter` with value `None` is ignored.
[852918:MainThread](2024-04-06 20:44:01,029) INFO - qlib.DEnsembleModel - [double_ensemble.py:81] - Training sub-model: (1/3)
[852918:MainThread](2024-04-06 20:44:14,131) INFO - qlib.DEnsembleModel - [double_ensemble.py:88] - Retrieving loss curve and loss values...
[852918:MainThread](2024-04-06 20:44:47,068) INFO - qlib.DEnsembleModel - [double_ensemble.py:102] - Feature selection...
[852918:MainThread](2024-04-06 20:49:20,931) INFO - qlib.DEnsembleModel - [double_ensemble.py:81] - Training sub-model: (2/3)
[852918:MainThread](2024-04-06 20:49:28,600) INFO - qlib.DEnsembleModel - [double_ensemble.py:88] - Retrieving loss curve and loss values...
[852918:MainThread](2024-04-06 20:49:49,177) INFO - qlib.DEnsembleModel - [double_ensemble.py:102] - Feature selection...
[852918:MainThread](2024-04-06 20:56:50,878) INFO - qlib.DEnsembleModel - [double_ensemble.py:81] - Training sub-model: (3/3)
[852918:MainThread](2024-04-06 20:57:01,471) INFO - qlib.workflow - [record_temp.py:198] - Signal record 'pred.pkl' has been saved as the artifact of the Experiment 10
[852918:MainThread](2024-04-06 20:57:01,557) INFO - qlib.timer - [log.py:127] - Time cost: 0.000s | waiting `async_log` Done
train tasks:  24%|██▍       | 6/25 [1:31:56<4:21:09, 824.73s/it][852918:MainThread](2024-04-06 20:57:01,571) INFO - qlib.workflow - [exp.py:258] - Experiment 10 starts running ...
[852918:MainThread](2024-04-06 20:57:01,585) INFO - qlib.workflow - [recorder.py:341] - Recorder 54cdedaf8c464abfb243050cd36bebd6 starts running under Experiment 10 ...
[852918:MainThread](2024-04-06 20:57:01,924) INFO - qlib.DEnsembleModel - [double_ensemble.py:57] - Double Ensemble Model...
[852918:MainThread](2024-04-06 20:57:02,898) WARNING - qlib.utils - [__init__.py:789] - The parameter `reweighter` with value `None` is ignored.
[852918:MainThread](2024-04-06 20:57:05,424) INFO - qlib.DEnsembleModel - [double_ensemble.py:81] - Training sub-model: (1/3)
[852918:MainThread](2024-04-06 20:57:16,583) INFO - qlib.DEnsembleModel - [double_ensemble.py:88] - Retrieving loss curve and loss values...
[852918:MainThread](2024-04-06 20:57:36,257) INFO - qlib.DEnsembleModel - [double_ensemble.py:102] - Feature selection...
[852918:MainThread](2024-04-06 21:00:58,790) INFO - qlib.DEnsembleModel - [double_ensemble.py:81] - Training sub-model: (2/3)
[852918:MainThread](2024-04-06 21:01:06,185) INFO - qlib.DEnsembleModel - [double_ensemble.py:88] - Retrieving loss curve and loss values...
[852918:MainThread](2024-04-06 21:01:19,338) INFO - qlib.DEnsembleModel - [double_ensemble.py:102] - Feature selection...
[852918:MainThread](2024-04-06 21:06:51,087) INFO - qlib.DEnsembleModel - [double_ensemble.py:81] - Training sub-model: (3/3)
[852918:MainThread](2024-04-06 21:06:56,929) INFO - qlib.workflow - [record_temp.py:198] - Signal record 'pred.pkl' has been saved as the artifact of the Experiment 10
[852918:MainThread](2024-04-06 21:06:57,035) INFO - qlib.timer - [log.py:127] - Time cost: 0.000s | waiting `async_log` Done
train tasks:  28%|██▊       | 7/25 [1:41:51<3:44:56, 749.78s/it][852918:MainThread](2024-04-06 21:06:57,050) INFO - qlib.workflow - [exp.py:258] - Experiment 10 starts running ...
[852918:MainThread](2024-04-06 21:06:57,068) INFO - qlib.workflow - [recorder.py:341] - Recorder ed811fc0f76c4ff0a9de5d26dcd0d5a9 starts running under Experiment 10 ...
[852918:MainThread](2024-04-06 21:06:57,367) INFO - qlib.DEnsembleModel - [double_ensemble.py:57] - Double Ensemble Model...
[852918:MainThread](2024-04-06 21:06:58,391) WARNING - qlib.utils - [__init__.py:789] - The parameter `reweighter` with value `None` is ignored.
[852918:MainThread](2024-04-06 21:07:00,999) INFO - qlib.DEnsembleModel - [double_ensemble.py:81] - Training sub-model: (1/3)
[852918:MainThread](2024-04-06 21:07:11,114) INFO - qlib.DEnsembleModel - [double_ensemble.py:88] - Retrieving loss curve and loss values...
[852918:MainThread](2024-04-06 21:07:36,584) INFO - qlib.DEnsembleModel - [double_ensemble.py:102] - Feature selection...
[852918:MainThread](2024-04-06 21:11:22,894) INFO - qlib.DEnsembleModel - [double_ensemble.py:81] - Training sub-model: (2/3)
[852918:MainThread](2024-04-06 21:11:27,738) INFO - qlib.DEnsembleModel - [double_ensemble.py:88] - Retrieving loss curve and loss values...
[852918:MainThread](2024-04-06 21:11:43,649) INFO - qlib.DEnsembleModel - [double_ensemble.py:102] - Feature selection...
[852918:MainThread](2024-04-06 21:17:55,277) INFO - qlib.DEnsembleModel - [double_ensemble.py:81] - Training sub-model: (3/3)
[852918:MainThread](2024-04-06 21:18:04,310) INFO - qlib.workflow - [record_temp.py:198] - Signal record 'pred.pkl' has been saved as the artifact of the Experiment 10
[852918:MainThread](2024-04-06 21:18:04,443) INFO - qlib.timer - [log.py:127] - Time cost: 0.002s | waiting `async_log` Done
train tasks:  32%|███▏      | 8/25 [1:52:59<3:25:00, 723.56s/it][852918:MainThread](2024-04-06 21:18:04,601) INFO - qlib.workflow - [exp.py:258] - Experiment 10 starts running ...
[852918:MainThread](2024-04-06 21:18:04,621) INFO - qlib.workflow - [recorder.py:341] - Recorder 7b4ed8d9f51e42a28ba2d8879deaf4ba starts running under Experiment 10 ...
[852918:MainThread](2024-04-06 21:18:04,910) INFO - qlib.DEnsembleModel - [double_ensemble.py:57] - Double Ensemble Model...
[852918:MainThread](2024-04-06 21:18:06,095) WARNING - qlib.utils - [__init__.py:789] - The parameter `reweighter` with value `None` is ignored.
[852918:MainThread](2024-04-06 21:18:08,813) INFO - qlib.DEnsembleModel - [double_ensemble.py:81] - Training sub-model: (1/3)
[852918:MainThread](2024-04-06 21:18:18,274) INFO - qlib.DEnsembleModel - [double_ensemble.py:88] - Retrieving loss curve and loss values...
[852918:MainThread](2024-04-06 21:18:43,653) INFO - qlib.DEnsembleModel - [double_ensemble.py:102] - Feature selection...
[852918:MainThread](2024-04-06 21:22:35,536) INFO - qlib.DEnsembleModel - [double_ensemble.py:81] - Training sub-model: (2/3)
[852918:MainThread](2024-04-06 21:22:42,162) INFO - qlib.DEnsembleModel - [double_ensemble.py:88] - Retrieving loss curve and loss values...
[852918:MainThread](2024-04-06 21:22:56,255) INFO - qlib.DEnsembleModel - [double_ensemble.py:102] - Feature selection...
[852918:MainThread](2024-04-06 21:28:57,515) INFO - qlib.DEnsembleModel - [double_ensemble.py:81] - Training sub-model: (3/3)
[852918:MainThread](2024-04-06 21:29:05,461) INFO - qlib.workflow - [record_temp.py:198] - Signal record 'pred.pkl' has been saved as the artifact of the Experiment 10
[852918:MainThread](2024-04-06 21:29:05,537) INFO - qlib.timer - [log.py:127] - Time cost: 0.001s | waiting `async_log` Done
train tasks:  36%|███▌      | 9/25 [2:04:00<3:07:44, 704.03s/it][852918:MainThread](2024-04-06 21:29:05,556) INFO - qlib.workflow - [exp.py:258] - Experiment 10 starts running ...
[852918:MainThread](2024-04-06 21:29:05,575) INFO - qlib.workflow - [recorder.py:341] - Recorder 291dd87d60124084b8f29dae505fbfd7 starts running under Experiment 10 ...
[852918:MainThread](2024-04-06 21:29:05,827) INFO - qlib.DEnsembleModel - [double_ensemble.py:57] - Double Ensemble Model...
[852918:MainThread](2024-04-06 21:29:06,827) WARNING - qlib.utils - [__init__.py:789] - The parameter `reweighter` with value `None` is ignored.
[852918:MainThread](2024-04-06 21:29:09,157) INFO - qlib.DEnsembleModel - [double_ensemble.py:81] - Training sub-model: (1/3)
[852918:MainThread](2024-04-06 21:29:23,915) INFO - qlib.DEnsembleModel - [double_ensemble.py:88] - Retrieving loss curve and loss values...
[852918:MainThread](2024-04-06 21:29:44,039) INFO - qlib.DEnsembleModel - [double_ensemble.py:102] - Feature selection...
[852918:MainThread](2024-04-06 21:33:09,723) INFO - qlib.DEnsembleModel - [double_ensemble.py:81] - Training sub-model: (2/3)
[852918:MainThread](2024-04-06 21:33:14,331) INFO - qlib.DEnsembleModel - [double_ensemble.py:88] - Retrieving loss curve and loss values...
[852918:MainThread](2024-04-06 21:33:27,587) INFO - qlib.DEnsembleModel - [double_ensemble.py:102] - Feature selection...
[852918:MainThread](2024-04-06 21:39:08,341) INFO - qlib.DEnsembleModel - [double_ensemble.py:81] - Training sub-model: (3/3)
[852918:MainThread](2024-04-06 21:39:14,978) INFO - qlib.workflow - [record_temp.py:198] - Signal record 'pred.pkl' has been saved as the artifact of the Experiment 10
[852918:MainThread](2024-04-06 21:39:15,043) INFO - qlib.timer - [log.py:127] - Time cost: 0.001s | waiting `async_log` Done
train tasks:  40%|████      | 10/25 [2:14:09<2:48:42, 674.85s/it][852918:MainThread](2024-04-06 21:39:15,059) INFO - qlib.workflow - [exp.py:258] - Experiment 10 starts running ...
[852918:MainThread](2024-04-06 21:39:15,069) INFO - qlib.workflow - [recorder.py:341] - Recorder 7c81e7e9a41341828239fb3fa01b3c14 starts running under Experiment 10 ...
[852918:MainThread](2024-04-06 21:39:15,328) INFO - qlib.DEnsembleModel - [double_ensemble.py:57] - Double Ensemble Model...
[852918:MainThread](2024-04-06 21:39:16,315) WARNING - qlib.utils - [__init__.py:789] - The parameter `reweighter` with value `None` is ignored.
[852918:MainThread](2024-04-06 21:39:18,902) INFO - qlib.DEnsembleModel - [double_ensemble.py:81] - Training sub-model: (1/3)
[852918:MainThread](2024-04-06 21:39:31,860) INFO - qlib.DEnsembleModel - [double_ensemble.py:88] - Retrieving loss curve and loss values...
[852918:MainThread](2024-04-06 21:39:48,574) INFO - qlib.DEnsembleModel - [double_ensemble.py:102] - Feature selection...
[852918:MainThread](2024-04-06 21:42:59,745) INFO - qlib.DEnsembleModel - [double_ensemble.py:81] - Training sub-model: (2/3)
[852918:MainThread](2024-04-06 21:43:06,025) INFO - qlib.DEnsembleModel - [double_ensemble.py:88] - Retrieving loss curve and loss values...
[852918:MainThread](2024-04-06 21:43:16,082) INFO - qlib.DEnsembleModel - [double_ensemble.py:102] - Feature selection...
[852918:MainThread](2024-04-06 21:48:26,606) INFO - qlib.DEnsembleModel - [double_ensemble.py:81] - Training sub-model: (3/3)
[852918:MainThread](2024-04-06 21:48:34,984) INFO - qlib.workflow - [record_temp.py:198] - Signal record 'pred.pkl' has been saved as the artifact of the Experiment 10
[852918:MainThread](2024-04-06 21:48:35,060) INFO - qlib.timer - [log.py:127] - Time cost: 0.000s | waiting `async_log` Done
train tasks:  44%|████▍     | 11/25 [2:23:29<2:29:15, 639.70s/it][852918:MainThread](2024-04-06 21:48:35,078) INFO - qlib.workflow - [exp.py:258] - Experiment 10 starts running ...
[852918:MainThread](2024-04-06 21:48:35,098) INFO - qlib.workflow - [recorder.py:341] - Recorder 6452f24d8b7b4ad0b20292ccfff96c95 starts running under Experiment 10 ...
[852918:MainThread](2024-04-06 21:48:35,368) INFO - qlib.DEnsembleModel - [double_ensemble.py:57] - Double Ensemble Model...
[852918:MainThread](2024-04-06 21:48:36,321) WARNING - qlib.utils - [__init__.py:789] - The parameter `reweighter` with value `None` is ignored.
[852918:MainThread](2024-04-06 21:48:38,660) INFO - qlib.DEnsembleModel - [double_ensemble.py:81] - Training sub-model: (1/3)
[852918:MainThread](2024-04-06 21:48:50,270) INFO - qlib.DEnsembleModel - [double_ensemble.py:88] - Retrieving loss curve and loss values...
[852918:MainThread](2024-04-06 21:49:14,226) INFO - qlib.DEnsembleModel - [double_ensemble.py:102] - Feature selection...
[852918:MainThread](2024-04-06 21:52:48,546) INFO - qlib.DEnsembleModel - [double_ensemble.py:81] - Training sub-model: (2/3)
[852918:MainThread](2024-04-06 21:52:52,275) INFO - qlib.DEnsembleModel - [double_ensemble.py:88] - Retrieving loss curve and loss values...
[852918:MainThread](2024-04-06 21:53:05,674) INFO - qlib.DEnsembleModel - [double_ensemble.py:102] - Feature selection...
[852918:MainThread](2024-04-06 21:57:59,169) INFO - qlib.DEnsembleModel - [double_ensemble.py:81] - Training sub-model: (3/3)
[852918:MainThread](2024-04-06 21:58:04,450) INFO - qlib.workflow - [record_temp.py:198] - Signal record 'pred.pkl' has been saved as the artifact of the Experiment 10
[852918:MainThread](2024-04-06 21:58:04,553) INFO - qlib.timer - [log.py:127] - Time cost: 0.001s | waiting `async_log` Done
train tasks:  48%|████▊     | 12/25 [2:32:59<2:13:58, 618.34s/it][852918:MainThread](2024-04-06 21:58:04,569) INFO - qlib.workflow - [exp.py:258] - Experiment 10 starts running ...
[852918:MainThread](2024-04-06 21:58:04,584) INFO - qlib.workflow - [recorder.py:341] - Recorder a58b57af3372481d992df49e101a45e0 starts running under Experiment 10 ...
[852918:MainThread](2024-04-06 21:58:04,800) INFO - qlib.DEnsembleModel - [double_ensemble.py:57] - Double Ensemble Model...
[852918:MainThread](2024-04-06 21:58:05,782) WARNING - qlib.utils - [__init__.py:789] - The parameter `reweighter` with value `None` is ignored.
[852918:MainThread](2024-04-06 21:58:08,095) INFO - qlib.DEnsembleModel - [double_ensemble.py:81] - Training sub-model: (1/3)
[852918:MainThread](2024-04-06 21:58:14,858) INFO - qlib.DEnsembleModel - [double_ensemble.py:88] - Retrieving loss curve and loss values...
[852918:MainThread](2024-04-06 21:58:31,466) INFO - qlib.DEnsembleModel - [double_ensemble.py:102] - Feature selection...
[852918:MainThread](2024-04-06 22:01:17,067) INFO - qlib.DEnsembleModel - [double_ensemble.py:81] - Training sub-model: (2/3)
[852918:MainThread](2024-04-06 22:01:20,743) INFO - qlib.DEnsembleModel - [double_ensemble.py:88] - Retrieving loss curve and loss values...
[852918:MainThread](2024-04-06 22:01:31,884) INFO - qlib.DEnsembleModel - [double_ensemble.py:102] - Feature selection...
[852918:MainThread](2024-04-06 22:06:01,538) INFO - qlib.DEnsembleModel - [double_ensemble.py:81] - Training sub-model: (3/3)
[852918:MainThread](2024-04-06 22:06:06,232) INFO - qlib.workflow - [record_temp.py:198] - Signal record 'pred.pkl' has been saved as the artifact of the Experiment 10
[852918:MainThread](2024-04-06 22:06:06,345) INFO - qlib.timer - [log.py:127] - Time cost: 0.000s | waiting `async_log` Done
train tasks:  52%|█████▏    | 13/25 [2:41:00<1:55:23, 576.98s/it][852918:MainThread](2024-04-06 22:06:06,361) INFO - qlib.workflow - [exp.py:258] - Experiment 10 starts running ...
[852918:MainThread](2024-04-06 22:06:06,375) INFO - qlib.workflow - [recorder.py:341] - Recorder e8a8fa8d19554c33abf9ed4743040b3b starts running under Experiment 10 ...
[852918:MainThread](2024-04-06 22:06:06,610) INFO - qlib.DEnsembleModel - [double_ensemble.py:57] - Double Ensemble Model...
[852918:MainThread](2024-04-06 22:06:07,553) WARNING - qlib.utils - [__init__.py:789] - The parameter `reweighter` with value `None` is ignored.
[852918:MainThread](2024-04-06 22:06:10,061) INFO - qlib.DEnsembleModel - [double_ensemble.py:81] - Training sub-model: (1/3)
[852918:MainThread](2024-04-06 22:06:17,052) INFO - qlib.DEnsembleModel - [double_ensemble.py:88] - Retrieving loss curve and loss values...
[852918:MainThread](2024-04-06 22:06:35,824) INFO - qlib.DEnsembleModel - [double_ensemble.py:102] - Feature selection...
[852918:MainThread](2024-04-06 22:09:36,124) INFO - qlib.DEnsembleModel - [double_ensemble.py:81] - Training sub-model: (2/3)
[852918:MainThread](2024-04-06 22:09:39,667) INFO - qlib.DEnsembleModel - [double_ensemble.py:88] - Retrieving loss curve and loss values...
[852918:MainThread](2024-04-06 22:09:50,641) INFO - qlib.DEnsembleModel - [double_ensemble.py:102] - Feature selection...
[852918:MainThread](2024-04-06 22:14:33,799) INFO - qlib.DEnsembleModel - [double_ensemble.py:81] - Training sub-model: (3/3)
[852918:MainThread](2024-04-06 22:14:38,764) INFO - qlib.workflow - [record_temp.py:198] - Signal record 'pred.pkl' has been saved as the artifact of the Experiment 10
[852918:MainThread](2024-04-06 22:14:38,885) INFO - qlib.timer - [log.py:127] - Time cost: 0.000s | waiting `async_log` Done
train tasks:  56%|█████▌    | 14/25 [2:49:33<1:42:12, 557.51s/it][852918:MainThread](2024-04-06 22:14:38,901) INFO - qlib.workflow - [exp.py:258] - Experiment 10 starts running ...
[852918:MainThread](2024-04-06 22:14:38,915) INFO - qlib.workflow - [recorder.py:341] - Recorder 8e03a4017485413f8005c26048480705 starts running under Experiment 10 ...
[852918:MainThread](2024-04-06 22:14:39,160) INFO - qlib.DEnsembleModel - [double_ensemble.py:57] - Double Ensemble Model...
[852918:MainThread](2024-04-06 22:14:40,107) WARNING - qlib.utils - [__init__.py:789] - The parameter `reweighter` with value `None` is ignored.
[852918:MainThread](2024-04-06 22:14:42,456) INFO - qlib.DEnsembleModel - [double_ensemble.py:81] - Training sub-model: (1/3)
[852918:MainThread](2024-04-06 22:14:49,523) INFO - qlib.DEnsembleModel - [double_ensemble.py:88] - Retrieving loss curve and loss values...
[852918:MainThread](2024-04-06 22:15:03,237) INFO - qlib.DEnsembleModel - [double_ensemble.py:102] - Feature selection...
[852918:MainThread](2024-04-06 22:17:38,756) INFO - qlib.DEnsembleModel - [double_ensemble.py:81] - Training sub-model: (2/3)
[852918:MainThread](2024-04-06 22:17:42,482) INFO - qlib.DEnsembleModel - [double_ensemble.py:88] - Retrieving loss curve and loss values...
[852918:MainThread](2024-04-06 22:17:51,410) INFO - qlib.DEnsembleModel - [double_ensemble.py:102] - Feature selection...
[852918:MainThread](2024-04-06 22:22:05,844) INFO - qlib.DEnsembleModel - [double_ensemble.py:81] - Training sub-model: (3/3)
[852918:MainThread](2024-04-06 22:22:10,629) INFO - qlib.workflow - [record_temp.py:198] - Signal record 'pred.pkl' has been saved as the artifact of the Experiment 10
[852918:MainThread](2024-04-06 22:22:10,752) INFO - qlib.timer - [log.py:127] - Time cost: 0.000s | waiting `async_log` Done
train tasks:  60%|██████    | 15/25 [2:57:05<1:27:36, 525.67s/it][852918:MainThread](2024-04-06 22:22:10,766) INFO - qlib.workflow - [exp.py:258] - Experiment 10 starts running ...
[852918:MainThread](2024-04-06 22:22:10,779) INFO - qlib.workflow - [recorder.py:341] - Recorder 9b329f0c37d94512af251fc47d0cd3cc starts running under Experiment 10 ...
[852918:MainThread](2024-04-06 22:22:11,016) INFO - qlib.DEnsembleModel - [double_ensemble.py:57] - Double Ensemble Model...
[852918:MainThread](2024-04-06 22:22:11,935) WARNING - qlib.utils - [__init__.py:789] - The parameter `reweighter` with value `None` is ignored.
[852918:MainThread](2024-04-06 22:22:14,282) INFO - qlib.DEnsembleModel - [double_ensemble.py:81] - Training sub-model: (1/3)
[852918:MainThread](2024-04-06 22:22:21,126) INFO - qlib.DEnsembleModel - [double_ensemble.py:88] - Retrieving loss curve and loss values...
[852918:MainThread](2024-04-06 22:22:35,449) INFO - qlib.DEnsembleModel - [double_ensemble.py:102] - Feature selection...
[852918:MainThread](2024-04-06 22:25:19,111) INFO - qlib.DEnsembleModel - [double_ensemble.py:81] - Training sub-model: (2/3)
[852918:MainThread](2024-04-06 22:25:23,289) INFO - qlib.DEnsembleModel - [double_ensemble.py:88] - Retrieving loss curve and loss values...
[852918:MainThread](2024-04-06 22:25:32,463) INFO - qlib.DEnsembleModel - [double_ensemble.py:102] - Feature selection...
[852918:MainThread](2024-04-06 22:29:49,767) INFO - qlib.DEnsembleModel - [double_ensemble.py:81] - Training sub-model: (3/3)
[852918:MainThread](2024-04-06 22:29:54,770) INFO - qlib.workflow - [record_temp.py:198] - Signal record 'pred.pkl' has been saved as the artifact of the Experiment 10
[852918:MainThread](2024-04-06 22:29:54,881) INFO - qlib.timer - [log.py:127] - Time cost: 0.000s | waiting `async_log` Done
train tasks:  64%|██████▍   | 16/25 [3:04:49<1:16:04, 507.15s/it][852918:MainThread](2024-04-06 22:29:54,896) INFO - qlib.workflow - [exp.py:258] - Experiment 10 starts running ...
[852918:MainThread](2024-04-06 22:29:54,909) INFO - qlib.workflow - [recorder.py:341] - Recorder 9d22ef2f47214f16bef0ed7a5bec6209 starts running under Experiment 10 ...
[852918:MainThread](2024-04-06 22:29:55,179) INFO - qlib.DEnsembleModel - [double_ensemble.py:57] - Double Ensemble Model...
[852918:MainThread](2024-04-06 22:29:56,131) WARNING - qlib.utils - [__init__.py:789] - The parameter `reweighter` with value `None` is ignored.
[852918:MainThread](2024-04-06 22:29:58,522) INFO - qlib.DEnsembleModel - [double_ensemble.py:81] - Training sub-model: (1/3)
[852918:MainThread](2024-04-06 22:30:05,529) INFO - qlib.DEnsembleModel - [double_ensemble.py:88] - Retrieving loss curve and loss values...
[852918:MainThread](2024-04-06 22:30:24,804) INFO - qlib.DEnsembleModel - [double_ensemble.py:102] - Feature selection...
[852918:MainThread](2024-04-06 22:33:31,190) INFO - qlib.DEnsembleModel - [double_ensemble.py:81] - Training sub-model: (2/3)
[852918:MainThread](2024-04-06 22:33:35,423) INFO - qlib.DEnsembleModel - [double_ensemble.py:88] - Retrieving loss curve and loss values...
[852918:MainThread](2024-04-06 22:33:46,565) INFO - qlib.DEnsembleModel - [double_ensemble.py:102] - Feature selection...
[852918:MainThread](2024-04-06 22:38:36,635) INFO - qlib.DEnsembleModel - [double_ensemble.py:81] - Training sub-model: (3/3)
[852918:MainThread](2024-04-06 22:38:41,562) INFO - qlib.workflow - [record_temp.py:198] - Signal record 'pred.pkl' has been saved as the artifact of the Experiment 10
[852918:MainThread](2024-04-06 22:38:41,654) INFO - qlib.timer - [log.py:127] - Time cost: 0.000s | waiting `async_log` Done
train tasks:  68%|██████▊   | 17/25 [3:13:36<1:08:24, 513.05s/it][852918:MainThread](2024-04-06 22:38:41,669) INFO - qlib.workflow - [exp.py:258] - Experiment 10 starts running ...
[852918:MainThread](2024-04-06 22:38:41,682) INFO - qlib.workflow - [recorder.py:341] - Recorder 0735533b44374d448c7d3a39dcb6c890 starts running under Experiment 10 ...
[852918:MainThread](2024-04-06 22:38:41,960) INFO - qlib.DEnsembleModel - [double_ensemble.py:57] - Double Ensemble Model...
[852918:MainThread](2024-04-06 22:38:42,879) WARNING - qlib.utils - [__init__.py:789] - The parameter `reweighter` with value `None` is ignored.
[852918:MainThread](2024-04-06 22:38:45,183) INFO - qlib.DEnsembleModel - [double_ensemble.py:81] - Training sub-model: (1/3)
[852918:MainThread](2024-04-06 22:38:52,204) INFO - qlib.DEnsembleModel - [double_ensemble.py:88] - Retrieving loss curve and loss values...
[852918:MainThread](2024-04-06 22:39:10,148) INFO - qlib.DEnsembleModel - [double_ensemble.py:102] - Feature selection...
[852918:MainThread](2024-04-06 22:42:14,786) INFO - qlib.DEnsembleModel - [double_ensemble.py:81] - Training sub-model: (2/3)
[852918:MainThread](2024-04-06 22:42:19,015) INFO - qlib.DEnsembleModel - [double_ensemble.py:88] - Retrieving loss curve and loss values...
[852918:MainThread](2024-04-06 22:42:29,608) INFO - qlib.DEnsembleModel - [double_ensemble.py:102] - Feature selection...
[852918:MainThread](2024-04-06 22:47:20,691) INFO - qlib.DEnsembleModel - [double_ensemble.py:81] - Training sub-model: (3/3)
[852918:MainThread](2024-04-06 22:47:26,497) INFO - qlib.workflow - [record_temp.py:198] - Signal record 'pred.pkl' has been saved as the artifact of the Experiment 10
[852918:MainThread](2024-04-06 22:47:26,589) INFO - qlib.timer - [log.py:127] - Time cost: 0.000s | waiting `async_log` Done
train tasks:  72%|███████▏  | 18/25 [3:22:21<1:00:16, 516.62s/it][852918:MainThread](2024-04-06 22:47:26,604) INFO - qlib.workflow - [exp.py:258] - Experiment 10 starts running ...
[852918:MainThread](2024-04-06 22:47:26,617) INFO - qlib.workflow - [recorder.py:341] - Recorder a6b284061811421fb30120ac9249acb1 starts running under Experiment 10 ...
[852918:MainThread](2024-04-06 22:47:26,875) INFO - qlib.DEnsembleModel - [double_ensemble.py:57] - Double Ensemble Model...
[852918:MainThread](2024-04-06 22:47:27,790) WARNING - qlib.utils - [__init__.py:789] - The parameter `reweighter` with value `None` is ignored.
[852918:MainThread](2024-04-06 22:47:30,073) INFO - qlib.DEnsembleModel - [double_ensemble.py:81] - Training sub-model: (1/3)
[852918:MainThread](2024-04-06 22:47:37,037) INFO - qlib.DEnsembleModel - [double_ensemble.py:88] - Retrieving loss curve and loss values...
[852918:MainThread](2024-04-06 22:47:55,946) INFO - qlib.DEnsembleModel - [double_ensemble.py:102] - Feature selection...
[852918:MainThread](2024-04-06 22:51:06,864) INFO - qlib.DEnsembleModel - [double_ensemble.py:81] - Training sub-model: (2/3)
[852918:MainThread](2024-04-06 22:51:11,113) INFO - qlib.DEnsembleModel - [double_ensemble.py:88] - Retrieving loss curve and loss values...
[852918:MainThread](2024-04-06 22:51:21,640) INFO - qlib.DEnsembleModel - [double_ensemble.py:102] - Feature selection...
[852918:MainThread](2024-04-06 22:56:13,940) INFO - qlib.DEnsembleModel - [double_ensemble.py:81] - Training sub-model: (3/3)
[852918:MainThread](2024-04-06 22:56:18,645) INFO - qlib.workflow - [record_temp.py:198] - Signal record 'pred.pkl' has been saved as the artifact of the Experiment 10
ModuleNotFoundError. CatBoostModel are skipped. (optional: maybe installing CatBoostModel can fix it.)
[20]	train's l2: 0.968001	valid's l2: 1.00239
[20]	train's l2: 0.969802	valid's l2: 1.00127
[20]	train's l2: 0.969357	valid's l2: 1.00193
'The following are prediction results of the DEnsembleModel model.'
                          score
datetime   instrument          
2022-04-01 SH600000    0.109860
           SH600009    0.064058
           SH600010    0.012728
           SH600011   -0.020619
           SH600015    0.129296
[20]	train's l2: 0.968687	valid's l2: 1.00384
[20]	train's l2: 0.970048	valid's l2: 1.00278
[20]	train's l2: 0.970373	valid's l2: 1.00349
'The following are prediction results of the DEnsembleModel model.'
                          score
datetime   instrument          
2022-05-06 SH600000    0.138379
           SH600009    0.113321
           SH600010    0.170078
           SH600011    0.007988
           SH600015   -0.001306
[20]	train's l2: 0.968682	valid's l2: 0.998858
[20]	train's l2: 0.970128	valid's l2: 0.99941
[20]	train's l2: 0.969053	valid's l2: 0.999212
'The following are prediction results of the DEnsembleModel model.'
                          score
datetime   instrument          
2022-06-06 SH600000   -0.001782
           SH600009    0.042708
           SH600010   -0.065683
           SH600011   -0.072983
           SH600015    0.005189
[20]	train's l2: 0.96942	valid's l2: 0.997611
[20]	train's l2: 0.97076	valid's l2: 0.995522
[20]	train's l2: 0.97003	valid's l2: 0.99716
'The following are prediction results of the DEnsembleModel model.'
                          score
datetime   instrument          
2022-07-04 SH600000    0.021066
           SH600009   -0.033771
           SH600010   -0.191368
           SH600011    0.120345
           SH600015    0.098349
[20]	train's l2: 0.970484	valid's l2: 0.990832
[20]	train's l2: 0.97166	valid's l2: 0.991464
[20]	train's l2: 0.971672	valid's l2: 0.99244
'The following are prediction results of the DEnsembleModel model.'
                          score
datetime   instrument          
2022-08-01 SH600000    0.039322
           SH600009   -0.084192
           SH600010   -0.053233
           SH600011    0.015665
           SH600015    0.056967
[20]	train's l2: 0.970419	valid's l2: 0.988001
[20]	train's l2: 0.97219	valid's l2: 0.987863
[20]	train's l2: 0.971925	valid's l2: 0.987559
'The following are prediction results of the DEnsembleModel model.'
                          score
datetime   instrument          
2022-08-29 SH600000   -0.033702
           SH600009    0.038086
           SH600010   -0.060511
           SH600011   -0.035048
           SH600015    0.020760
[20]	train's l2: 0.970476	valid's l2: 0.992319
[20]	train's l2: 0.971839	valid's l2: 0.993706
[20]	train's l2: 0.971243	valid's l2: 0.993843
'The following are prediction results of the DEnsembleModel model.'
                          score
datetime   instrument          
2022-09-27 SH600000   -0.002839
           SH600009   -0.005614
           SH600010   -0.048350
           SH600011    0.032099
           SH600015   -0.036030
[20]	train's l2: 0.970258	valid's l2: 0.992638
[20]	train's l2: 0.971488	valid's l2: 0.992806
[20]	train's l2: 0.971484	valid's l2: 0.991411
'The following are prediction results of the DEnsembleModel model.'
                          score
datetime   instrument          
2022-11-01 SH600000   -0.008153
           SH600009    0.001870
           SH600010   -0.078356
           SH600011    0.098586
           SH600015    0.019629
[20]	train's l2: 0.970811	valid's l2: 0.99317
[20]	train's l2: 0.972333	valid's l2: 0.993102
[20]	train's l2: 0.972277	valid's l2: 0.994341
'The following are prediction results of the DEnsembleModel model.'
                          score
datetime   instrument          
2022-11-29 SH600000    0.022990
           SH600009    0.095464
           SH600010   -0.156133
           SH600011    0.053098
           SH600015    0.029362
[20]	train's l2: 0.97041	valid's l2: 0.990334
[20]	train's l2: 0.972041	valid's l2: 0.990159
[20]	train's l2: 0.971768	valid's l2: 0.991806
'The following are prediction results of the DEnsembleModel model.'
                          score
datetime   instrument          
2022-12-27 SH600000    0.090553
           SH600009    0.064028
           SH600010   -0.066681
           SH600011   -0.012283
           SH600015    0.066453
[20]	train's l2: 0.970686	valid's l2: 0.98908
[20]	train's l2: 0.972049	valid's l2: 0.989066
[20]	train's l2: 0.973716	valid's l2: 0.989338
'The following are prediction results of the DEnsembleModel model.'
                          score
datetime   instrument          
2023-02-01 SH600000    0.033514
           SH600009    0.098038
           SH600010    0.128866
           SH600011   -0.015107
           SH600015    0.035525
[20]	train's l2: 0.971172	valid's l2: 0.989598
[20]	train's l2: 0.971766	valid's l2: 0.991081
[20]	train's l2: 0.971972	valid's l2: 0.989981
'The following are prediction results of the DEnsembleModel model.'
                          score
datetime   instrument          
2023-03-01 SH600000   -0.007163
           SH600009    0.017105
           SH600010    0.021951
           SH600011    0.068551
           SH600015    0.121962
[20]	train's l2: 0.970565	valid's l2: 0.991158
[20]	train's l2: 0.971907	valid's l2: 0.991774
[20]	train's l2: 0.972536	valid's l2: 0.991574
'The following are prediction results of the DEnsembleModel model.'
                          score
datetime   instrument          
2023-03-29 SH600000    0.045168
           SH600009   -0.071934
           SH600010   -0.123452
           SH600011    0.106943
           SH600015    0.094726
[20]	train's l2: 0.970812	valid's l2: 0.995148
[20]	train's l2: 0.972049	valid's l2: 0.995721
[20]	train's l2: 0.971547	valid's l2: 0.996262
'The following are prediction results of the DEnsembleModel model.'
                          score
datetime   instrument          
2023-04-27 SH600000    0.080672
           SH600009    0.042761
           SH600010   -0.027751
           SH600011    0.134790
           SH600015    0.004615
[20]	train's l2: 0.970334	valid's l2: 0.994519
[20]	train's l2: 0.972408	valid's l2: 0.994262
[20]	train's l2: 0.972086	valid's l2: 0.995052
'The following are prediction results of the DEnsembleModel model.'
                          score
datetime   instrument          
2023-05-30 SH600000    0.000190
           SH600009   -0.039909
           SH600010   -0.101949
           SH600011    0.140438
           SH600015   -0.104200
[20]	train's l2: 0.970844	valid's l2: 0.99634
[20]	train's l2: 0.970506	valid's l2: 0.997039
[20]	train's l2: 0.971462	valid's l2: 0.996801
'The following are prediction results of the DEnsembleModel model.'
                          score
datetime   instrument          
2023-06-29 SH600000    0.013315
           SH600009   -0.040460
           SH600010   -0.056828
           SH600011    0.048839
           SH600015    0.008191
[20]	train's l2: 0.971173	valid's l2: 0.995281
[20]	train's l2: 0.972805	valid's l2: 0.995406
[20]	train's l2: 0.972217	valid's l2: 0.995829
'The following are prediction results of the DEnsembleModel model.'
                          score
datetime   instrument          
2023-07-27 SH600000    0.125142
           SH600009   -0.025501
           SH600010    0.171773
           SH600011    0.123236
           SH600015    0.045778
[20]	train's l2: 0.97029	valid's l2: 0.994101
[20]	train's l2: 0.972148	valid's l2: 0.993792
[20]	train's l2: 0.972982	valid's l2: 0.994581
'The following are prediction results of the DEnsembleModel model.'
                          score
datetime   instrument          
2023-08-24 SH600000   -0.007747
           SH600009   -0.090559
           SH600010   -0.132503
           SH600011    0.041202
           SH600015    0.081268
[20]	train's l2: 0.970633	valid's l2: 0.995298
[20]	train's l2: 0.972239	valid's l2: 0.99344
[20]	train's l2: 0.971344	valid's l2: 0.99348
'The following are prediction results of the DEnsembleModel model.'
[852918:MainThread](2024-04-06 22:56:18,769) INFO - qlib.timer - [log.py:127] - Time cost: 0.000s | waiting `async_log` Done
train tasks:  76%|███████▌  | 19/25 [3:31:13<52:07, 521.29s/it]  [852918:MainThread](2024-04-06 22:56:18,785) INFO - qlib.workflow - [exp.py:258] - Experiment 10 starts running ...
[852918:MainThread](2024-04-06 22:56:18,799) INFO - qlib.workflow - [recorder.py:341] - Recorder 1776c4bf878a4334bcfec2aced3d3a33 starts running under Experiment 10 ...
[852918:MainThread](2024-04-06 22:56:19,026) INFO - qlib.DEnsembleModel - [double_ensemble.py:57] - Double Ensemble Model...
[852918:MainThread](2024-04-06 22:56:19,943) WARNING - qlib.utils - [__init__.py:789] - The parameter `reweighter` with value `None` is ignored.
[852918:MainThread](2024-04-06 22:56:22,244) INFO - qlib.DEnsembleModel - [double_ensemble.py:81] - Training sub-model: (1/3)
[852918:MainThread](2024-04-06 22:56:29,560) INFO - qlib.DEnsembleModel - [double_ensemble.py:88] - Retrieving loss curve and loss values...
[852918:MainThread](2024-04-06 22:56:46,087) INFO - qlib.DEnsembleModel - [double_ensemble.py:102] - Feature selection...
[852918:MainThread](2024-04-06 22:59:39,191) INFO - qlib.DEnsembleModel - [double_ensemble.py:81] - Training sub-model: (2/3)
[852918:MainThread](2024-04-06 22:59:43,097) INFO - qlib.DEnsembleModel - [double_ensemble.py:88] - Retrieving loss curve and loss values...
[852918:MainThread](2024-04-06 22:59:53,920) INFO - qlib.DEnsembleModel - [double_ensemble.py:102] - Feature selection...
[852918:MainThread](2024-04-06 23:04:28,515) INFO - qlib.DEnsembleModel - [double_ensemble.py:81] - Training sub-model: (3/3)
[852918:MainThread](2024-04-06 23:04:33,900) INFO - qlib.workflow - [record_temp.py:198] - Signal record 'pred.pkl' has been saved as the artifact of the Experiment 10
[852918:MainThread](2024-04-06 23:04:33,991) INFO - qlib.timer - [log.py:127] - Time cost: 0.000s | waiting `async_log` Done
train tasks:  80%|████████  | 20/25 [3:39:28<42:47, 513.47s/it][852918:MainThread](2024-04-06 23:04:34,006) INFO - qlib.workflow - [exp.py:258] - Experiment 10 starts running ...
[852918:MainThread](2024-04-06 23:04:34,020) INFO - qlib.workflow - [recorder.py:341] - Recorder 1637e464922f406fb270e8209c4ccfdb starts running under Experiment 10 ...
[852918:MainThread](2024-04-06 23:04:34,302) INFO - qlib.DEnsembleModel - [double_ensemble.py:57] - Double Ensemble Model...
[852918:MainThread](2024-04-06 23:04:35,238) WARNING - qlib.utils - [__init__.py:789] - The parameter `reweighter` with value `None` is ignored.
[852918:MainThread](2024-04-06 23:04:37,813) INFO - qlib.DEnsembleModel - [double_ensemble.py:81] - Training sub-model: (1/3)
[852918:MainThread](2024-04-06 23:04:44,853) INFO - qlib.DEnsembleModel - [double_ensemble.py:88] - Retrieving loss curve and loss values...
[852918:MainThread](2024-04-06 23:04:59,645) INFO - qlib.DEnsembleModel - [double_ensemble.py:102] - Feature selection...
[852918:MainThread](2024-04-06 23:07:41,578) INFO - qlib.DEnsembleModel - [double_ensemble.py:81] - Training sub-model: (2/3)
[852918:MainThread](2024-04-06 23:07:45,524) INFO - qlib.DEnsembleModel - [double_ensemble.py:88] - Retrieving loss curve and loss values...
[852918:MainThread](2024-04-06 23:07:54,535) INFO - qlib.DEnsembleModel - [double_ensemble.py:102] - Feature selection...
[852918:MainThread](2024-04-06 23:12:18,414) INFO - qlib.DEnsembleModel - [double_ensemble.py:81] - Training sub-model: (3/3)
[852918:MainThread](2024-04-06 23:12:23,641) INFO - qlib.workflow - [record_temp.py:198] - Signal record 'pred.pkl' has been saved as the artifact of the Experiment 10
[852918:MainThread](2024-04-06 23:12:23,720) INFO - qlib.timer - [log.py:127] - Time cost: 0.000s | waiting `async_log` Done
train tasks:  84%|████████▍ | 21/25 [3:47:18<33:21, 500.34s/it][852918:MainThread](2024-04-06 23:12:23,730) INFO - qlib.workflow - [exp.py:258] - Experiment 10 starts running ...
[852918:MainThread](2024-04-06 23:12:23,740) INFO - qlib.workflow - [recorder.py:341] - Recorder 1d503378b5a54d2db7e89f193ddc840b starts running under Experiment 10 ...
[852918:MainThread](2024-04-06 23:12:23,982) INFO - qlib.DEnsembleModel - [double_ensemble.py:57] - Double Ensemble Model...
[852918:MainThread](2024-04-06 23:12:24,903) WARNING - qlib.utils - [__init__.py:789] - The parameter `reweighter` with value `None` is ignored.
[852918:MainThread](2024-04-06 23:12:27,263) INFO - qlib.DEnsembleModel - [double_ensemble.py:81] - Training sub-model: (1/3)
[852918:MainThread](2024-04-06 23:12:33,980) INFO - qlib.DEnsembleModel - [double_ensemble.py:88] - Retrieving loss curve and loss values...
[852918:MainThread](2024-04-06 23:12:51,382) INFO - qlib.DEnsembleModel - [double_ensemble.py:102] - Feature selection...
[852918:MainThread](2024-04-06 23:15:47,531) INFO - qlib.DEnsembleModel - [double_ensemble.py:81] - Training sub-model: (2/3)
[852918:MainThread](2024-04-06 23:15:51,641) INFO - qlib.DEnsembleModel - [double_ensemble.py:88] - Retrieving loss curve and loss values...
[852918:MainThread](2024-04-06 23:16:02,338) INFO - qlib.DEnsembleModel - [double_ensemble.py:102] - Feature selection...
[852918:MainThread](2024-04-06 23:20:43,239) INFO - qlib.DEnsembleModel - [double_ensemble.py:81] - Training sub-model: (3/3)
[852918:MainThread](2024-04-06 23:20:48,102) INFO - qlib.workflow - [record_temp.py:198] - Signal record 'pred.pkl' has been saved as the artifact of the Experiment 10
[852918:MainThread](2024-04-06 23:20:48,170) INFO - qlib.timer - [log.py:127] - Time cost: 0.000s | waiting `async_log` Done
train tasks:  88%|████████▊ | 22/25 [3:55:42<25:04, 501.57s/it][852918:MainThread](2024-04-06 23:20:48,181) INFO - qlib.workflow - [exp.py:258] - Experiment 10 starts running ...
[852918:MainThread](2024-04-06 23:20:48,190) INFO - qlib.workflow - [recorder.py:341] - Recorder 8374b8d3a1a14dc9bca3cd6af6b8ee86 starts running under Experiment 10 ...
[852918:MainThread](2024-04-06 23:20:48,442) INFO - qlib.DEnsembleModel - [double_ensemble.py:57] - Double Ensemble Model...
[852918:MainThread](2024-04-06 23:20:49,368) WARNING - qlib.utils - [__init__.py:789] - The parameter `reweighter` with value `None` is ignored.
[852918:MainThread](2024-04-06 23:20:51,899) INFO - qlib.DEnsembleModel - [double_ensemble.py:81] - Training sub-model: (1/3)
[852918:MainThread](2024-04-06 23:20:59,232) INFO - qlib.DEnsembleModel - [double_ensemble.py:88] - Retrieving loss curve and loss values...
[852918:MainThread](2024-04-06 23:21:16,411) INFO - qlib.DEnsembleModel - [double_ensemble.py:102] - Feature selection...
[852918:MainThread](2024-04-06 23:24:13,096) INFO - qlib.DEnsembleModel - [double_ensemble.py:81] - Training sub-model: (2/3)
[852918:MainThread](2024-04-06 23:24:17,196) INFO - qlib.DEnsembleModel - [double_ensemble.py:88] - Retrieving loss curve and loss values...
[852918:MainThread](2024-04-06 23:24:28,062) INFO - qlib.DEnsembleModel - [double_ensemble.py:102] - Feature selection...
[852918:MainThread](2024-04-06 23:29:11,066) INFO - qlib.DEnsembleModel - [double_ensemble.py:81] - Training sub-model: (3/3)
[852918:MainThread](2024-04-06 23:29:16,901) INFO - qlib.workflow - [record_temp.py:198] - Signal record 'pred.pkl' has been saved as the artifact of the Experiment 10
[852918:MainThread](2024-04-06 23:29:17,002) INFO - qlib.timer - [log.py:127] - Time cost: 0.000s | waiting `async_log` Done
train tasks:  92%|█████████▏| 23/25 [4:04:11<16:47, 503.75s/it][852918:MainThread](2024-04-06 23:29:17,017) INFO - qlib.workflow - [exp.py:258] - Experiment 10 starts running ...
[852918:MainThread](2024-04-06 23:29:17,030) INFO - qlib.workflow - [recorder.py:341] - Recorder 89ab3847fb2648ab8210e9b336b5a0da starts running under Experiment 10 ...
[852918:MainThread](2024-04-06 23:29:17,285) INFO - qlib.DEnsembleModel - [double_ensemble.py:57] - Double Ensemble Model...
[852918:MainThread](2024-04-06 23:29:18,214) WARNING - qlib.utils - [__init__.py:789] - The parameter `reweighter` with value `None` is ignored.
[852918:MainThread](2024-04-06 23:29:20,535) INFO - qlib.DEnsembleModel - [double_ensemble.py:81] - Training sub-model: (1/3)
[852918:MainThread](2024-04-06 23:29:27,756) INFO - qlib.DEnsembleModel - [double_ensemble.py:88] - Retrieving loss curve and loss values...
[852918:MainThread](2024-04-06 23:29:47,460) INFO - qlib.DEnsembleModel - [double_ensemble.py:102] - Feature selection...
[852918:MainThread](2024-04-06 23:32:41,815) INFO - qlib.DEnsembleModel - [double_ensemble.py:81] - Training sub-model: (2/3)
[852918:MainThread](2024-04-06 23:32:45,727) INFO - qlib.DEnsembleModel - [double_ensemble.py:88] - Retrieving loss curve and loss values...
[852918:MainThread](2024-04-06 23:32:55,638) INFO - qlib.DEnsembleModel - [double_ensemble.py:102] - Feature selection...
[852918:MainThread](2024-04-06 23:37:36,535) INFO - qlib.DEnsembleModel - [double_ensemble.py:81] - Training sub-model: (3/3)
[852918:MainThread](2024-04-06 23:37:41,698) INFO - qlib.workflow - [record_temp.py:198] - Signal record 'pred.pkl' has been saved as the artifact of the Experiment 10
[852918:MainThread](2024-04-06 23:37:41,810) INFO - qlib.timer - [log.py:127] - Time cost: 0.000s | waiting `async_log` Done
train tasks:  96%|█████████▌| 24/25 [4:12:36<08:24, 504.07s/it][852918:MainThread](2024-04-06 23:37:41,825) INFO - qlib.workflow - [exp.py:258] - Experiment 10 starts running ...
[852918:MainThread](2024-04-06 23:37:41,839) INFO - qlib.workflow - [recorder.py:341] - Recorder e54feea128ab4e9db7ee013f61d42962 starts running under Experiment 10 ...
[852918:MainThread](2024-04-06 23:37:42,144) INFO - qlib.DEnsembleModel - [double_ensemble.py:57] - Double Ensemble Model...
[852918:MainThread](2024-04-06 23:37:43,122) WARNING - qlib.utils - [__init__.py:789] - The parameter `reweighter` with value `None` is ignored.
[852918:MainThread](2024-04-06 23:37:45,555) INFO - qlib.DEnsembleModel - [double_ensemble.py:81] - Training sub-model: (1/3)
[852918:MainThread](2024-04-06 23:37:52,278) INFO - qlib.DEnsembleModel - [double_ensemble.py:88] - Retrieving loss curve and loss values...
[852918:MainThread](2024-04-06 23:38:09,731) INFO - qlib.DEnsembleModel - [double_ensemble.py:102] - Feature selection...
[852918:MainThread](2024-04-06 23:41:05,147) INFO - qlib.DEnsembleModel - [double_ensemble.py:81] - Training sub-model: (2/3)
[852918:MainThread](2024-04-06 23:41:10,132) INFO - qlib.DEnsembleModel - [double_ensemble.py:88] - Retrieving loss curve and loss values...
[852918:MainThread](2024-04-06 23:41:22,117) INFO - qlib.DEnsembleModel - [double_ensemble.py:102] - Feature selection...
[852918:MainThread](2024-04-06 23:46:08,419) INFO - qlib.DEnsembleModel - [double_ensemble.py:81] - Training sub-model: (3/3)
[852918:MainThread](2024-04-06 23:46:13,495) INFO - qlib.workflow - [record_temp.py:198] - Signal record 'pred.pkl' has been saved as the artifact of the Experiment 10
[852918:MainThread](2024-04-06 23:46:13,551) INFO - qlib.timer - [log.py:127] - Time cost: 0.000s | waiting `async_log` Done
train tasks: 100%|██████████| 25/25 [4:21:08<00:00, 506.37s/it]train tasks: 100%|██████████| 25/25 [4:21:08<00:00, 626.73s/it]
[852918:MainThread](2024-04-06 23:46:13,639) INFO - qlib.timer - [log.py:127] - Time cost: 0.057s | Time to `list_recorders` in RecorderCollector Done
[852918:MainThread](2024-04-06 23:46:13,640) INFO - qlib.RecorderCollector - [collect.py:226] - Nubmer of recorders after filter: defaultdict(<class 'int'>, {'FINISHED': 25})
[852918:MainThread](2024-04-06 23:46:13,668) INFO - qlib.RollingEnsemble - [ensemble.py:81] - keys in group: ['e54feea128ab4e9db7ee013f61d42962', '89ab3847fb2648ab8210e9b336b5a0da', '8374b8d3a1a14dc9bca3cd6af6b8ee86', '1d503378b5a54d2db7e89f193ddc840b', '1637e464922f406fb270e8209c4ccfdb', '1776c4bf878a4334bcfec2aced3d3a33', 'a6b284061811421fb30120ac9249acb1', '0735533b44374d448c7d3a39dcb6c890', '9d22ef2f47214f16bef0ed7a5bec6209', '9b329f0c37d94512af251fc47d0cd3cc', '8e03a4017485413f8005c26048480705', 'e8a8fa8d19554c33abf9ed4743040b3b', 'a58b57af3372481d992df49e101a45e0', '6452f24d8b7b4ad0b20292ccfff96c95', '7c81e7e9a41341828239fb3fa01b3c14', '291dd87d60124084b8f29dae505fbfd7', '7b4ed8d9f51e42a28ba2d8879deaf4ba', 'ed811fc0f76c4ff0a9de5d26dcd0d5a9', '54cdedaf8c464abfb243050cd36bebd6', '8df2a4e00c4b458e93879ad66d3b5391', '472f62495ff149fc9b65d072b5a983f3', '1726dad50d89424ab549f4f3ac7b80e8', '390d593438144a44b6afa4ffaa1e5bee', '52ef546457a94bd9b046f833beb204af', '64198f7249e347ea8033cc4aa2605224']
[852918:MainThread](2024-04-06 23:46:13,731) INFO - qlib.RollingEnsemble - [ensemble.py:81] - keys in group: ['e54feea128ab4e9db7ee013f61d42962', '89ab3847fb2648ab8210e9b336b5a0da', '8374b8d3a1a14dc9bca3cd6af6b8ee86', '1d503378b5a54d2db7e89f193ddc840b', '1637e464922f406fb270e8209c4ccfdb', '1776c4bf878a4334bcfec2aced3d3a33', 'a6b284061811421fb30120ac9249acb1', '0735533b44374d448c7d3a39dcb6c890', '9d22ef2f47214f16bef0ed7a5bec6209', '9b329f0c37d94512af251fc47d0cd3cc', '8e03a4017485413f8005c26048480705', 'e8a8fa8d19554c33abf9ed4743040b3b', 'a58b57af3372481d992df49e101a45e0', '6452f24d8b7b4ad0b20292ccfff96c95', '7c81e7e9a41341828239fb3fa01b3c14', '291dd87d60124084b8f29dae505fbfd7', '7b4ed8d9f51e42a28ba2d8879deaf4ba', 'ed811fc0f76c4ff0a9de5d26dcd0d5a9', '54cdedaf8c464abfb243050cd36bebd6', '8df2a4e00c4b458e93879ad66d3b5391', '472f62495ff149fc9b65d072b5a983f3', '1726dad50d89424ab549f4f3ac7b80e8', '390d593438144a44b6afa4ffaa1e5bee', '52ef546457a94bd9b046f833beb204af', '64198f7249e347ea8033cc4aa2605224']
[852918:MainThread](2024-04-06 23:46:13,791) WARNING - qlib.workflow - [expm.py:230] - No valid experiment found. Create a new experiment with name doubleensemble_fs_20240406192200674986388.
[852918:MainThread](2024-04-06 23:46:13,806) INFO - qlib.workflow - [exp.py:258] - Experiment 22 starts running ...
[852918:MainThread](2024-04-06 23:46:13,816) INFO - qlib.workflow - [recorder.py:341] - Recorder 8faffcfd78e949348b003a5cd770a7ef starts running under Experiment 22 ...
[852918:MainThread](2024-04-06 23:46:14,061) INFO - qlib.timer - [log.py:127] - Time cost: 0.000s | waiting `async_log` Done
[852918:MainThread](2024-04-06 23:46:14,943) INFO - qlib.backtest caller - [__init__.py:93] - Create new exchange
                          score
datetime   instrument          
2023-09-21 SH600000   -0.003906
           SH600009   -0.031760
           SH600010   -0.029938
           SH600011    0.069350
           SH600015    0.024334
[20]	train's l2: 0.971222	valid's l2: 0.995067
[20]	train's l2: 0.971665	valid's l2: 0.994534
[20]	train's l2: 0.972655	valid's l2: 0.99271
'The following are prediction results of the DEnsembleModel model.'
                          score
datetime   instrument          
2023-10-27 SH600000    0.083297
           SH600009    0.003194
           SH600010    0.080973
           SH600011    0.089364
           SH600015    0.082373
[20]	train's l2: 0.97043	valid's l2: 0.996293
[20]	train's l2: 0.971451	valid's l2: 0.995775
[20]	train's l2: 0.971869	valid's l2: 0.997606
'The following are prediction results of the DEnsembleModel model.'
                          score
datetime   instrument          
2023-11-24 SH600000    0.091414
           SH600009    0.020417
           SH600010   -0.079655
           SH600011   -0.016685
           SH600015    0.134313
[20]	train's l2: 0.970925	valid's l2: 0.99954
[20]	train's l2: 0.972511	valid's l2: 1.00067
[20]	train's l2: 0.97209	valid's l2: 1.00021
'The following are prediction results of the DEnsembleModel model.'
                          score
datetime   instrument          
2023-12-22 SH600000   -0.024658
           SH600009    0.056494
           SH600010   -0.054969
           SH600011    0.108422
           SH600015    0.058071
[20]	train's l2: 0.970639	valid's l2: 0.996374
[20]	train's l2: 0.972545	valid's l2: 0.998175
[20]	train's l2: 0.972105	valid's l2: 0.996363
'The following are prediction results of the DEnsembleModel model.'
                          score
datetime   instrument          
2024-01-22 SH600000   -0.000098
           SH600009   -0.036065
           SH600010   -0.042057
           SH600011    0.073471
           SH600015    0.082308
[20]	train's l2: 0.970468	valid's l2: 0.992611
[20]	train's l2: 0.972058	valid's l2: 0.992029
[20]	train's l2: 0.973745	valid's l2: 0.993169
'The following are prediction results of the DEnsembleModel model.'
                          score
datetime   instrument          
2024-02-27 SH600000    0.141490
           SH600009    0.061624
           SH600010    0.101858
           SH600011    0.183296
           SH600015    0.131137
[20]	train's l2: 0.971172	valid's l2: 0.989209
[20]	train's l2: 0.973198	valid's l2: 0.987886
[20]	train's l2: 0.972874	valid's l2: 0.988409
'The following are prediction results of the DEnsembleModel model.'
                          score
datetime   instrument          
2024-03-26 SH600000    0.086472
           SH600009    0.089346
           SH600010   -0.062820
           SH600011    0.110301
           SH600015    0.161383
{'IC': 0.06995155332142444,
 'ICIR': 0.5357941994323324,
 'Rank IC': 0.07581714641290786,
 'Rank ICIR': 0.6024674560651696}
[852918:MainThread](2024-04-06 23:46:23,172) WARNING - qlib.online operator - [exchange.py:219] - $close field data contains nan.
[852918:MainThread](2024-04-06 23:46:23,175) WARNING - qlib.online operator - [exchange.py:219] - $close field data contains nan.
[852918:MainThread](2024-04-06 23:46:27,748) WARNING - qlib.BaseExecutor - [executor.py:121] - `common_infra` is not set for <qlib.backtest.executor.SimulatorExecutor object at 0x7fa77deffc70>
backtest loop:   0%|          | 0/485 [00:00<?, ?it/s]/home/zhonghao/miniconda3/envs/exp_qlib_env/lib/python3.8/site-packages/qlib/utils/index_data.py:481: RuntimeWarning: Mean of empty slice
  return np.nanmean(self.data)
backtest loop:   1%|          | 6/485 [00:00<00:08, 59.56it/s]backtest loop:   2%|▏         | 12/485 [00:00<00:08, 58.56it/s]backtest loop:   4%|▍         | 19/485 [00:00<00:08, 55.72it/s]backtest loop:   5%|▌         | 25/485 [00:00<00:08, 56.97it/s]backtest loop:   6%|▋         | 31/485 [00:00<00:08, 54.67it/s]backtest loop:   8%|▊         | 38/485 [00:00<00:07, 57.56it/s]backtest loop:   9%|▉         | 44/485 [00:00<00:07, 57.35it/s]backtest loop:  10%|█         | 50/485 [00:00<00:08, 53.00it/s]backtest loop:  12%|█▏        | 56/485 [00:01<00:07, 53.74it/s]backtest loop:  13%|█▎        | 62/485 [00:01<00:07, 54.29it/s]backtest loop:  14%|█▍        | 68/485 [00:01<00:07, 54.58it/s]backtest loop:  15%|█▌        | 74/485 [00:01<00:07, 54.47it/s]backtest loop:  16%|█▋        | 80/485 [00:01<00:07, 51.48it/s]backtest loop:  18%|█▊        | 86/485 [00:01<00:07, 52.67it/s]backtest loop:  19%|█▉        | 92/485 [00:01<00:07, 53.26it/s]backtest loop:  20%|██        | 98/485 [00:01<00:07, 53.96it/s]backtest loop:  21%|██▏       | 104/485 [00:01<00:07, 54.41it/s]backtest loop:  23%|██▎       | 110/485 [00:02<00:07, 51.53it/s]backtest loop:  24%|██▍       | 116/485 [00:02<00:06, 52.76it/s]backtest loop:  25%|██▌       | 122/485 [00:02<00:06, 53.24it/s]backtest loop:  26%|██▋       | 128/485 [00:02<00:06, 53.91it/s]backtest loop:  28%|██▊       | 134/485 [00:02<00:06, 51.07it/s]backtest loop:  29%|██▉       | 140/485 [00:02<00:06, 52.35it/s]backtest loop:  30%|███       | 146/485 [00:02<00:06, 53.00it/s]backtest loop:  32%|███▏      | 153/485 [00:02<00:05, 56.18it/s]backtest loop:  33%|███▎      | 159/485 [00:02<00:05, 54.44it/s]backtest loop:  34%|███▍      | 166/485 [00:03<00:05, 56.74it/s]backtest loop:  35%|███▌      | 172/485 [00:03<00:05, 57.06it/s]backtest loop:  37%|███▋      | 179/485 [00:03<00:05, 55.67it/s]backtest loop:  38%|███▊      | 186/485 [00:03<00:05, 57.83it/s]backtest loop:  40%|███▉      | 193/485 [00:03<00:05, 56.20it/s]backtest loop:  41%|████      | 200/485 [00:03<00:04, 58.24it/s]backtest loop:  43%|████▎     | 207/485 [00:03<00:04, 59.69it/s]backtest loop:  44%|████▍     | 214/485 [00:03<00:04, 57.33it/s]backtest loop:  46%|████▌     | 221/485 [00:03<00:04, 58.72it/s]backtest loop:  47%|████▋     | 227/485 [00:04<00:04, 58.90it/s]backtest loop:  48%|████▊     | 233/485 [00:04<00:04, 56.14it/s]backtest loop:  49%|████▉     | 239/485 [00:04<00:04, 54.68it/s]backtest loop:  51%|█████     | 245/485 [00:04<00:04, 51.53it/s]backtest loop:  52%|█████▏    | 251/485 [00:04<00:04, 52.58it/s]backtest loop:  53%|█████▎    | 257/485 [00:04<00:04, 49.97it/s]backtest loop:  54%|█████▍    | 263/485 [00:04<00:04, 51.29it/s]backtest loop:  55%|█████▌    | 269/485 [00:04<00:04, 49.13it/s]backtest loop:  57%|█████▋    | 275/485 [00:05<00:04, 50.71it/s]backtest loop:  58%|█████▊    | 281/485 [00:05<00:03, 52.43it/s]backtest loop:  59%|█████▉    | 288/485 [00:05<00:03, 55.55it/s]backtest loop:  61%|██████    | 294/485 [00:05<00:03, 54.05it/s]backtest loop:  62%|██████▏   | 301/485 [00:05<00:03, 56.72it/s]backtest loop:  63%|██████▎   | 307/485 [00:05<00:03, 54.61it/s]backtest loop:  65%|██████▍   | 314/485 [00:05<00:02, 57.03it/s]backtest loop:  66%|██████▌   | 321/485 [00:05<00:02, 58.55it/s]backtest loop:  67%|██████▋   | 327/485 [00:05<00:02, 55.91it/s]backtest loop:  69%|██████▉   | 334/485 [00:06<00:02, 56.36it/s]backtest loop:  70%|███████   | 340/485 [00:06<00:02, 56.61it/s]backtest loop:  71%|███████▏  | 346/485 [00:06<00:02, 55.54it/s]backtest loop:  73%|███████▎  | 352/485 [00:06<00:02, 52.17it/s]backtest loop:  74%|███████▍  | 358/485 [00:06<00:02, 52.98it/s]backtest loop:  75%|███████▌  | 364/485 [00:06<00:02, 53.50it/s]backtest loop:  76%|███████▋  | 370/485 [00:06<00:02, 53.44it/s]backtest loop:  78%|███████▊  | 376/485 [00:06<00:02, 50.45it/s]backtest loop:  79%|███████▉  | 382/485 [00:07<00:02, 50.97it/s]backtest loop:  80%|████████  | 389/485 [00:07<00:01, 54.38it/s]backtest loop:  82%|████████▏ | 396/485 [00:07<00:01, 54.11it/s]backtest loop:  83%|████████▎ | 403/485 [00:07<00:01, 56.67it/s]backtest loop:  85%|████████▍ | 410/485 [00:07<00:01, 58.58it/s]backtest loop:  86%|████████▌ | 416/485 [00:07<00:01, 56.16it/s]backtest loop:  87%|████████▋ | 422/485 [00:07<00:01, 54.75it/s]backtest loop:  88%|████████▊ | 428/485 [00:07<00:01, 54.35it/s]backtest loop:  90%|████████▉ | 435/485 [00:07<00:00, 53.50it/s]backtest loop:  91%|█████████ | 441/485 [00:08<00:00, 53.93it/s]backtest loop:  92%|█████████▏| 447/485 [00:08<00:00, 54.29it/s]backtest loop:  93%|█████████▎| 453/485 [00:08<00:00, 54.52it/s]backtest loop:  95%|█████████▍| 459/485 [00:08<00:00, 51.61it/s]backtest loop:  96%|█████████▌| 465/485 [00:08<00:00, 52.65it/s]backtest loop:  97%|█████████▋| 471/485 [00:08<00:00, 53.41it/s]backtest loop:  98%|█████████▊| 477/485 [00:08<00:00, 53.95it/s]backtest loop: 100%|█████████▉| 483/485 [00:08<00:00, 54.36it/s]backtest loop: 100%|██████████| 485/485 [00:08<00:00, 54.40it/s]
[852918:MainThread](2024-04-06 23:46:36,712) INFO - qlib.workflow - [record_temp.py:515] - Portfolio analysis record 'port_analysis_1day.pkl' has been saved as the artifact of the Experiment 22
[852918:MainThread](2024-04-06 23:46:36,727) INFO - qlib.workflow - [record_temp.py:540] - Indicator analysis record 'indicator_analysis_1day.pkl' has been saved as the artifact of the Experiment 22
[852918:MainThread](2024-04-06 23:46:37,198) INFO - qlib.Rolling - [base.py:233] - Your evaluation results can be found in the experiment named `doubleensemble_fs_20240406192200674986388`, rid=8faffcfd78e949348b003a5cd770a7ef
'The following are analysis results of benchmark return(1day).'
                       risk
mean              -0.000278
std                0.010303
annualized_return -0.066260
information_ratio -0.416884
max_drawdown      -0.328619
'The following are analysis results of the excess return without cost(1day).'
                       risk
mean               0.000832
std                0.005119
annualized_return  0.198052
information_ratio  2.507640
max_drawdown      -0.046910
'The following are analysis results of the excess return with cost(1day).'
                       risk
mean               0.000633
std                0.005117
annualized_return  0.150644
information_ratio  1.908381
max_drawdown      -0.049749
'The following are analysis results of indicators(1day).'
     value
ffr    1.0
pa     0.0
pos    0.0
